{"D:\\C.Download\\Proyek3\\frontend\\src\\api.js": {"path":"D:\\C.Download\\Proyek3\\frontend\\src\\api.js","statementMap":{"0":{"start":{"line":4,"column":21},"end":{"line":4,"column":48}},"1":{"start":{"line":6,"column":12},"end":{"line":8,"column":2}},"2":{"start":{"line":13,"column":0},"end":{"line":24,"column":2}},"3":{"start":{"line":15,"column":22},"end":{"line":15,"column":51}},"4":{"start":{"line":16,"column":8},"end":{"line":18,"column":9}},"5":{"start":{"line":17,"column":12},"end":{"line":17,"column":61}},"6":{"start":{"line":19,"column":8},"end":{"line":19,"column":22}},"7":{"start":{"line":22,"column":8},"end":{"line":22,"column":37}},"8":{"start":{"line":26,"column":0},"end":{"line":39,"column":2}},"9":{"start":{"line":27,"column":18},"end":{"line":27,"column":26}},"10":{"start":{"line":30,"column":8},"end":{"line":36,"column":9}},"11":{"start":{"line":31,"column":12},"end":{"line":35,"column":13}},"12":{"start":{"line":32,"column":16},"end":{"line":32,"column":63}},"13":{"start":{"line":33,"column":16},"end":{"line":33,"column":37}},"14":{"start":{"line":34,"column":16},"end":{"line":34,"column":48}},"15":{"start":{"line":37,"column":8},"end":{"line":37,"column":37}},"16":{"start":{"line":46,"column":32},"end":{"line":49,"column":1}},"17":{"start":{"line":47,"column":21},"end":{"line":47,"column":69}},"18":{"start":{"line":48,"column":4},"end":{"line":48,"column":25}},"19":{"start":{"line":52,"column":27},"end":{"line":55,"column":1}},"20":{"start":{"line":53,"column":21},"end":{"line":53,"column":75}},"21":{"start":{"line":54,"column":4},"end":{"line":54,"column":25}},"22":{"start":{"line":58,"column":29},"end":{"line":61,"column":1}},"23":{"start":{"line":59,"column":21},"end":{"line":59,"column":79}},"24":{"start":{"line":60,"column":4},"end":{"line":60,"column":25}},"25":{"start":{"line":64,"column":36},"end":{"line":72,"column":1}},"26":{"start":{"line":65,"column":21},"end":{"line":65,"column":35}},"27":{"start":{"line":66,"column":4},"end":{"line":66,"column":39}},"28":{"start":{"line":68,"column":21},"end":{"line":70,"column":6}},"29":{"start":{"line":71,"column":4},"end":{"line":71,"column":25}},"30":{"start":{"line":75,"column":29},"end":{"line":78,"column":1}},"31":{"start":{"line":76,"column":21},"end":{"line":76,"column":85}},"32":{"start":{"line":77,"column":4},"end":{"line":77,"column":25}},"33":{"start":{"line":81,"column":29},"end":{"line":84,"column":1}},"34":{"start":{"line":82,"column":21},"end":{"line":82,"column":76}},"35":{"start":{"line":83,"column":4},"end":{"line":83,"column":25}},"36":{"start":{"line":87,"column":34},"end":{"line":94,"column":1}},"37":{"start":{"line":88,"column":21},"end":{"line":88,"column":35}},"38":{"start":{"line":89,"column":4},"end":{"line":89,"column":35}},"39":{"start":{"line":90,"column":21},"end":{"line":92,"column":6}},"40":{"start":{"line":93,"column":4},"end":{"line":93,"column":25}},"41":{"start":{"line":97,"column":33},"end":{"line":104,"column":1}},"42":{"start":{"line":98,"column":21},"end":{"line":98,"column":35}},"43":{"start":{"line":99,"column":4},"end":{"line":99,"column":34}},"44":{"start":{"line":100,"column":21},"end":{"line":102,"column":6}},"45":{"start":{"line":103,"column":4},"end":{"line":103,"column":25}},"46":{"start":{"line":107,"column":37},"end":{"line":111,"column":1}},"47":{"start":{"line":108,"column":21},"end":{"line":108,"column":56}},"48":{"start":{"line":109,"column":21},"end":{"line":109,"column":81}},"49":{"start":{"line":110,"column":4},"end":{"line":110,"column":25}}},"fnMap":{"0":{"name":"(anonymous_0)","decl":{"start":{"line":14,"column":4},"end":{"line":14,"column":5}},"loc":{"start":{"line":14,"column":16},"end":{"line":20,"column":5}},"line":14},"1":{"name":"(anonymous_1)","decl":{"start":{"line":21,"column":4},"end":{"line":21,"column":5}},"loc":{"start":{"line":21,"column":15},"end":{"line":23,"column":5}},"line":21},"2":{"name":"(anonymous_2)","decl":{"start":{"line":27,"column":4},"end":{"line":27,"column":5}},"loc":{"start":{"line":27,"column":18},"end":{"line":27,"column":26}},"line":27},"3":{"name":"(anonymous_3)","decl":{"start":{"line":28,"column":4},"end":{"line":28,"column":5}},"loc":{"start":{"line":28,"column":15},"end":{"line":38,"column":5}},"line":28},"4":{"name":"(anonymous_4)","decl":{"start":{"line":46,"column":32},"end":{"line":46,"column":33}},"loc":{"start":{"line":46,"column":51},"end":{"line":49,"column":1}},"line":46},"5":{"name":"(anonymous_5)","decl":{"start":{"line":52,"column":27},"end":{"line":52,"column":28}},"loc":{"start":{"line":52,"column":52},"end":{"line":55,"column":1}},"line":52},"6":{"name":"(anonymous_6)","decl":{"start":{"line":58,"column":29},"end":{"line":58,"column":30}},"loc":{"start":{"line":58,"column":56},"end":{"line":61,"column":1}},"line":58},"7":{"name":"(anonymous_7)","decl":{"start":{"line":64,"column":36},"end":{"line":64,"column":37}},"loc":{"start":{"line":64,"column":61},"end":{"line":72,"column":1}},"line":64},"8":{"name":"(anonymous_8)","decl":{"start":{"line":75,"column":29},"end":{"line":75,"column":30}},"loc":{"start":{"line":75,"column":54},"end":{"line":78,"column":1}},"line":75},"9":{"name":"(anonymous_9)","decl":{"start":{"line":81,"column":29},"end":{"line":81,"column":30}},"loc":{"start":{"line":81,"column":50},"end":{"line":84,"column":1}},"line":81},"10":{"name":"(anonymous_10)","decl":{"start":{"line":87,"column":34},"end":{"line":87,"column":35}},"loc":{"start":{"line":87,"column":61},"end":{"line":94,"column":1}},"line":87},"11":{"name":"(anonymous_11)","decl":{"start":{"line":97,"column":33},"end":{"line":97,"column":34}},"loc":{"start":{"line":97,"column":60},"end":{"line":104,"column":1}},"line":97},"12":{"name":"(anonymous_12)","decl":{"start":{"line":107,"column":37},"end":{"line":107,"column":38}},"loc":{"start":{"line":107,"column":67},"end":{"line":111,"column":1}},"line":107}},"branchMap":{"0":{"loc":{"start":{"line":16,"column":8},"end":{"line":18,"column":9}},"type":"if","locations":[{"start":{"line":16,"column":8},"end":{"line":18,"column":9}},{"start":{},"end":{}}],"line":16},"1":{"loc":{"start":{"line":30,"column":8},"end":{"line":36,"column":9}},"type":"if","locations":[{"start":{"line":30,"column":8},"end":{"line":36,"column":9}},{"start":{},"end":{}}],"line":30},"2":{"loc":{"start":{"line":30,"column":12},"end":{"line":30,"column":59}},"type":"binary-expr","locations":[{"start":{"line":30,"column":12},"end":{"line":30,"column":26}},{"start":{"line":30,"column":30},"end":{"line":30,"column":59}}],"line":30},"3":{"loc":{"start":{"line":31,"column":12},"end":{"line":35,"column":13}},"type":"if","locations":[{"start":{"line":31,"column":12},"end":{"line":35,"column":13}},{"start":{},"end":{}}],"line":31},"4":{"loc":{"start":{"line":108,"column":21},"end":{"line":108,"column":56}},"type":"cond-expr","locations":[{"start":{"line":108,"column":33},"end":{"line":108,"column":42}},{"start":{"line":108,"column":45},"end":{"line":108,"column":56}}],"line":108}},"s":{"0":1,"1":1,"2":1,"3":0,"4":0,"5":0,"6":0,"7":0,"8":1,"9":0,"10":0,"11":0,"12":0,"13":0,"14":0,"15":0,"16":1,"17":1,"18":1,"19":1,"20":1,"21":1,"22":1,"23":0,"24":0,"25":1,"26":0,"27":0,"28":0,"29":0,"30":1,"31":0,"32":0,"33":1,"34":0,"35":0,"36":1,"37":0,"38":0,"39":0,"40":0,"41":1,"42":0,"43":0,"44":0,"45":0,"46":1,"47":0,"48":0,"49":0},"f":{"0":0,"1":0,"2":0,"3":0,"4":1,"5":1,"6":0,"7":0,"8":0,"9":0,"10":0,"11":0,"12":0},"b":{"0":[0,0],"1":[0,0],"2":[0,0],"3":[0,0],"4":[0,0]},"_coverageSchema":"1a1c01bbd47fc00a2c39e90264f33305004495a9","hash":"1b36ebb07a500fea619b32d8eb0110749cffb628"}
,"D:\\C.Download\\Proyek3\\frontend\\src\\components\\PurchaseButton.jsx": {"path":"D:\\C.Download\\Proyek3\\frontend\\src\\components\\PurchaseButton.jsx","statementMap":{"0":{"start":{"line":21,"column":32},"end":{"line":21,"column":47}},"1":{"start":{"line":23,"column":22},"end":{"line":29,"column":3}},"2":{"start":{"line":24,"column":4},"end":{"line":28,"column":22}},"3":{"start":{"line":31,"column":25},"end":{"line":139,"column":3}},"4":{"start":{"line":32,"column":4},"end":{"line":32,"column":36}},"5":{"start":{"line":32,"column":29},"end":{"line":32,"column":36}},"6":{"start":{"line":35,"column":18},"end":{"line":35,"column":47}},"7":{"start":{"line":36,"column":4},"end":{"line":40,"column":5}},"8":{"start":{"line":37,"column":6},"end":{"line":37,"column":65}},"9":{"start":{"line":38,"column":6},"end":{"line":38,"column":38}},"10":{"start":{"line":39,"column":6},"end":{"line":39,"column":13}},"11":{"start":{"line":42,"column":4},"end":{"line":42,"column":21}},"12":{"start":{"line":44,"column":4},"end":{"line":138,"column":5}},"13":{"start":{"line":46,"column":23},"end":{"line":48,"column":8}},"14":{"start":{"line":50,"column":45},"end":{"line":50,"column":58}},"15":{"start":{"line":53,"column":6},"end":{"line":55,"column":7}},"16":{"start":{"line":54,"column":8},"end":{"line":54,"column":82}},"17":{"start":{"line":58,"column":6},"end":{"line":106,"column":9}},"18":{"start":{"line":60,"column":10},"end":{"line":60,"column":50}},"19":{"start":{"line":63,"column":10},"end":{"line":67,"column":11}},"20":{"start":{"line":64,"column":12},"end":{"line":64,"column":80}},"21":{"start":{"line":66,"column":12},"end":{"line":66,"column":48}},"22":{"start":{"line":69,"column":10},"end":{"line":69,"column":28}},"23":{"start":{"line":70,"column":10},"end":{"line":75,"column":11}},"24":{"start":{"line":71,"column":12},"end":{"line":71,"column":40}},"25":{"start":{"line":73,"column":12},"end":{"line":73,"column":50}},"26":{"start":{"line":74,"column":12},"end":{"line":74,"column":37}},"27":{"start":{"line":78,"column":10},"end":{"line":78,"column":50}},"28":{"start":{"line":79,"column":10},"end":{"line":79,"column":28}},"29":{"start":{"line":80,"column":10},"end":{"line":84,"column":11}},"30":{"start":{"line":81,"column":12},"end":{"line":81,"column":40}},"31":{"start":{"line":83,"column":12},"end":{"line":83,"column":68}},"32":{"start":{"line":87,"column":10},"end":{"line":87,"column":50}},"33":{"start":{"line":88,"column":10},"end":{"line":88,"column":28}},"34":{"start":{"line":89,"column":10},"end":{"line":93,"column":11}},"35":{"start":{"line":90,"column":12},"end":{"line":90,"column":38}},"36":{"start":{"line":92,"column":12},"end":{"line":92,"column":64}},"37":{"start":{"line":96,"column":10},"end":{"line":96,"column":46}},"38":{"start":{"line":97,"column":10},"end":{"line":97,"column":28}},"39":{"start":{"line":100,"column":10},"end":{"line":104,"column":11}},"40":{"start":{"line":103,"column":12},"end":{"line":103,"column":27}},"41":{"start":{"line":109,"column":6},"end":{"line":109,"column":59}},"42":{"start":{"line":110,"column":6},"end":{"line":110,"column":24}},"43":{"start":{"line":112,"column":24},"end":{"line":112,"column":44}},"44":{"start":{"line":115,"column":6},"end":{"line":115,"column":74}},"45":{"start":{"line":118,"column":6},"end":{"line":129,"column":7}},"46":{"start":{"line":119,"column":30},"end":{"line":119,"column":72}},"47":{"start":{"line":120,"column":24},"end":{"line":120,"column":71}},"48":{"start":{"line":122,"column":8},"end":{"line":122,"column":49}},"49":{"start":{"line":125,"column":8},"end":{"line":127,"column":17}},"50":{"start":{"line":126,"column":10},"end":{"line":126,"column":54}},"51":{"start":{"line":128,"column":8},"end":{"line":128,"column":15}},"52":{"start":{"line":131,"column":27},"end":{"line":131,"column":92}},"53":{"start":{"line":133,"column":6},"end":{"line":137,"column":7}},"54":{"start":{"line":134,"column":8},"end":{"line":134,"column":43}},"55":{"start":{"line":136,"column":8},"end":{"line":136,"column":34}},"56":{"start":{"line":141,"column":2},"end":{"line":168,"column":4}}},"fnMap":{"0":{"name":"PurchaseButton","decl":{"start":{"line":11,"column":24},"end":{"line":11,"column":38}},"loc":{"start":{"line":20,"column":3},"end":{"line":169,"column":1}},"line":20},"1":{"name":"(anonymous_1)","decl":{"start":{"line":23,"column":22},"end":{"line":23,"column":23}},"loc":{"start":{"line":23,"column":34},"end":{"line":29,"column":3}},"line":23},"2":{"name":"(anonymous_2)","decl":{"start":{"line":31,"column":25},"end":{"line":31,"column":26}},"loc":{"start":{"line":31,"column":37},"end":{"line":139,"column":3}},"line":31},"3":{"name":"(anonymous_3)","decl":{"start":{"line":59,"column":19},"end":{"line":59,"column":20}},"loc":{"start":{"line":59,"column":43},"end":{"line":76,"column":9}},"line":59},"4":{"name":"(anonymous_4)","decl":{"start":{"line":77,"column":19},"end":{"line":77,"column":20}},"loc":{"start":{"line":77,"column":37},"end":{"line":85,"column":9}},"line":77},"5":{"name":"(anonymous_5)","decl":{"start":{"line":86,"column":17},"end":{"line":86,"column":18}},"loc":{"start":{"line":86,"column":35},"end":{"line":94,"column":9}},"line":86},"6":{"name":"(anonymous_6)","decl":{"start":{"line":95,"column":17},"end":{"line":95,"column":18}},"loc":{"start":{"line":95,"column":35},"end":{"line":105,"column":9}},"line":95},"7":{"name":"(anonymous_7)","decl":{"start":{"line":125,"column":19},"end":{"line":125,"column":20}},"loc":{"start":{"line":125,"column":25},"end":{"line":127,"column":9}},"line":125}},"branchMap":{"0":{"loc":{"start":{"line":18,"column":2},"end":{"line":18,"column":18}},"type":"default-arg","locations":[{"start":{"line":18,"column":13},"end":{"line":18,"column":18}}],"line":18},"1":{"loc":{"start":{"line":19,"column":2},"end":{"line":19,"column":16}},"type":"default-arg","locations":[{"start":{"line":19,"column":14},"end":{"line":19,"column":16}}],"line":19},"2":{"loc":{"start":{"line":32,"column":4},"end":{"line":32,"column":36}},"type":"if","locations":[{"start":{"line":32,"column":4},"end":{"line":32,"column":36}},{"start":{},"end":{}}],"line":32},"3":{"loc":{"start":{"line":32,"column":8},"end":{"line":32,"column":27}},"type":"binary-expr","locations":[{"start":{"line":32,"column":8},"end":{"line":32,"column":15}},{"start":{"line":32,"column":19},"end":{"line":32,"column":27}}],"line":32},"4":{"loc":{"start":{"line":36,"column":4},"end":{"line":40,"column":5}},"type":"if","locations":[{"start":{"line":36,"column":4},"end":{"line":40,"column":5}},{"start":{},"end":{}}],"line":36},"5":{"loc":{"start":{"line":53,"column":6},"end":{"line":55,"column":7}},"type":"if","locations":[{"start":{"line":53,"column":6},"end":{"line":55,"column":7}},{"start":{},"end":{}}],"line":53},"6":{"loc":{"start":{"line":70,"column":10},"end":{"line":75,"column":11}},"type":"if","locations":[{"start":{"line":70,"column":10},"end":{"line":75,"column":11}},{"start":{"line":72,"column":17},"end":{"line":75,"column":11}}],"line":70},"7":{"loc":{"start":{"line":80,"column":10},"end":{"line":84,"column":11}},"type":"if","locations":[{"start":{"line":80,"column":10},"end":{"line":84,"column":11}},{"start":{"line":82,"column":17},"end":{"line":84,"column":11}}],"line":80},"8":{"loc":{"start":{"line":89,"column":10},"end":{"line":93,"column":11}},"type":"if","locations":[{"start":{"line":89,"column":10},"end":{"line":93,"column":11}},{"start":{"line":91,"column":17},"end":{"line":93,"column":11}}],"line":89},"9":{"loc":{"start":{"line":118,"column":6},"end":{"line":129,"column":7}},"type":"if","locations":[{"start":{"line":118,"column":6},"end":{"line":129,"column":7}},{"start":{},"end":{}}],"line":118},"10":{"loc":{"start":{"line":119,"column":30},"end":{"line":119,"column":72}},"type":"binary-expr","locations":[{"start":{"line":119,"column":30},"end":{"line":119,"column":66}},{"start":{"line":119,"column":70},"end":{"line":119,"column":72}}],"line":119},"11":{"loc":{"start":{"line":131,"column":27},"end":{"line":131,"column":92}},"type":"binary-expr","locations":[{"start":{"line":131,"column":27},"end":{"line":131,"column":43}},{"start":{"line":131,"column":47},"end":{"line":131,"column":60}},{"start":{"line":131,"column":64},"end":{"line":131,"column":92}}],"line":131},"12":{"loc":{"start":{"line":133,"column":6},"end":{"line":137,"column":7}},"type":"if","locations":[{"start":{"line":133,"column":6},"end":{"line":137,"column":7}},{"start":{"line":135,"column":13},"end":{"line":137,"column":7}}],"line":133},"13":{"loc":{"start":{"line":143,"column":37},"end":{"line":143,"column":76}},"type":"cond-expr","locations":[{"start":{"line":143,"column":47},"end":{"line":143,"column":71}},{"start":{"line":143,"column":74},"end":{"line":143,"column":76}}],"line":143},"14":{"loc":{"start":{"line":145,"column":16},"end":{"line":145,"column":35}},"type":"binary-expr","locations":[{"start":{"line":145,"column":16},"end":{"line":145,"column":23}},{"start":{"line":145,"column":27},"end":{"line":145,"column":35}}],"line":145},"15":{"loc":{"start":{"line":154,"column":7},"end":{"line":166,"column":7}},"type":"cond-expr","locations":[{"start":{"line":155,"column":8},"end":{"line":158,"column":15}},{"start":{"line":160,"column":8},"end":{"line":165,"column":15}}],"line":154}},"s":{"0":3,"1":3,"2":2,"3":3,"4":1,"5":0,"6":1,"7":1,"8":0,"9":0,"10":0,"11":1,"12":1,"13":1,"14":1,"15":0,"16":0,"17":0,"18":0,"19":0,"20":0,"21":0,"22":0,"23":0,"24":0,"25":0,"26":0,"27":0,"28":0,"29":0,"30":0,"31":0,"32":0,"33":0,"34":0,"35":0,"36":0,"37":0,"38":0,"39":0,"40":0,"41":1,"42":1,"43":1,"44":1,"45":1,"46":0,"47":0,"48":0,"49":0,"50":0,"51":0,"52":1,"53":1,"54":0,"55":1,"56":3},"f":{"0":3,"1":2,"2":1,"3":0,"4":0,"5":0,"6":0,"7":0},"b":{"0":[3],"1":[3],"2":[0,1],"3":[1,1],"4":[0,1],"5":[0,0],"6":[0,0],"7":[0,0],"8":[0,0],"9":[0,1],"10":[0,0],"11":[1,1,0],"12":[0,1],"13":[1,2],"14":[3,2],"15":[1,2]},"_coverageSchema":"1a1c01bbd47fc00a2c39e90264f33305004495a9","hash":"554d1f9478fe9412e805e95e83197737ae9a6ffe"}
}
