TN:
SF:src\api.js
FN:14,(anonymous_0)
FN:21,(anonymous_1)
FN:27,(anonymous_2)
FN:28,(anonymous_3)
FN:46,(anonymous_4)
FN:52,(anonymous_5)
FN:58,(anonymous_6)
FN:64,(anonymous_7)
FN:75,(anonymous_8)
FN:81,(anonymous_9)
FN:87,(anonymous_10)
FN:97,(anonymous_11)
FN:107,(anonymous_12)
FNF:13
FNH:2
FNDA:0,(anonymous_0)
FNDA:0,(anonymous_1)
FNDA:0,(anonymous_2)
FNDA:0,(anonymous_3)
FNDA:1,(anonymous_4)
FNDA:1,(anonymous_5)
FNDA:0,(anonymous_6)
FNDA:0,(anonymous_7)
FNDA:0,(anonymous_8)
FNDA:0,(anonymous_9)
FNDA:0,(anonymous_10)
FNDA:0,(anonymous_11)
FNDA:0,(anonymous_12)
DA:4,1
DA:6,1
DA:13,1
DA:15,0
DA:16,0
DA:17,0
DA:19,0
DA:22,0
DA:26,1
DA:27,0
DA:30,0
DA:31,0
DA:32,0
DA:33,0
DA:34,0
DA:37,0
DA:46,1
DA:47,1
DA:48,1
DA:52,1
DA:53,1
DA:54,1
DA:58,1
DA:59,0
DA:60,0
DA:64,1
DA:65,0
DA:66,0
DA:68,0
DA:71,0
DA:75,1
DA:76,0
DA:77,0
DA:81,1
DA:82,0
DA:83,0
DA:87,1
DA:88,0
DA:89,0
DA:90,0
DA:93,0
DA:97,1
DA:98,0
DA:99,0
DA:100,0
DA:103,0
DA:107,1
DA:108,0
DA:109,0
DA:110,0
LF:50
LH:17
BRDA:16,0,0,0
BRDA:16,0,1,0
BRDA:30,1,0,0
BRDA:30,1,1,0
BRDA:30,2,0,0
BRDA:30,2,1,0
BRDA:31,3,0,0
BRDA:31,3,1,0
BRDA:108,4,0,0
BRDA:108,4,1,0
BRF:10
BRH:0
end_of_record
TN:
SF:src\components\PurchaseButton.jsx
FN:11,PurchaseButton
FN:23,(anonymous_1)
FN:31,(anonymous_2)
FN:59,(anonymous_3)
FN:77,(anonymous_4)
FN:86,(anonymous_5)
FN:95,(anonymous_6)
FN:125,(anonymous_7)
FNF:8
FNH:3
FNDA:3,PurchaseButton
FNDA:2,(anonymous_1)
FNDA:1,(anonymous_2)
FNDA:0,(anonymous_3)
FNDA:0,(anonymous_4)
FNDA:0,(anonymous_5)
FNDA:0,(anonymous_6)
FNDA:0,(anonymous_7)
DA:21,3
DA:23,3
DA:24,2
DA:31,3
DA:32,1
DA:35,1
DA:36,1
DA:37,0
DA:38,0
DA:39,0
DA:42,1
DA:44,1
DA:46,1
DA:50,1
DA:53,0
DA:54,0
DA:58,0
DA:60,0
DA:63,0
DA:64,0
DA:66,0
DA:69,0
DA:70,0
DA:71,0
DA:73,0
DA:74,0
DA:78,0
DA:79,0
DA:80,0
DA:81,0
DA:83,0
DA:87,0
DA:88,0
DA:89,0
DA:90,0
DA:92,0
DA:96,0
DA:97,0
DA:100,0
DA:103,0
DA:109,1
DA:110,1
DA:112,1
DA:115,1
DA:118,1
DA:119,0
DA:120,0
DA:122,0
DA:125,0
DA:126,0
DA:128,0
DA:131,1
DA:133,1
DA:134,0
DA:136,1
DA:141,3
LF:56
LH:20
BRDA:18,0,0,3
BRDA:19,1,0,3
BRDA:32,2,0,0
BRDA:32,2,1,1
BRDA:32,3,0,1
BRDA:32,3,1,1
BRDA:36,4,0,0
BRDA:36,4,1,1
BRDA:53,5,0,0
BRDA:53,5,1,0
BRDA:70,6,0,0
BRDA:70,6,1,0
BRDA:80,7,0,0
BRDA:80,7,1,0
BRDA:89,8,0,0
BRDA:89,8,1,0
BRDA:118,9,0,0
BRDA:118,9,1,1
BRDA:119,10,0,0
BRDA:119,10,1,0
BRDA:131,11,0,1
BRDA:131,11,1,1
BRDA:131,11,2,0
BRDA:133,12,0,0
BRDA:133,12,1,1
BRDA:143,13,0,1
BRDA:143,13,1,2
BRDA:145,14,0,3
BRDA:145,14,1,2
BRDA:154,15,0,1
BRDA:154,15,1,2
BRF:31
BRH:16
end_of_record
