mode: set
BACKEND/controllers/admin_affiliate_controller.go:19.50,38.18 4 0
BACKEND/controllers/admin_affiliate_controller.go:38.18,40.3 1 0
BACKEND/controllers/admin_affiliate_controller.go:41.2,43.55 2 0
BACKEND/controllers/admin_affiliate_controller.go:43.55,46.3 2 0
BACKEND/controllers/admin_affiliate_controller.go:48.2,48.52 1 0
BACKEND/controllers/admin_affiliate_controller.go:52.49,60.49 4 0
BACKEND/controllers/admin_affiliate_controller.go:60.49,63.3 2 0
BACKEND/controllers/admin_affiliate_controller.go:66.2,72.16 3 0
BACKEND/controllers/admin_affiliate_controller.go:72.16,75.3 2 0
BACKEND/controllers/admin_affiliate_controller.go:77.2,77.29 1 0
BACKEND/controllers/admin_affiliate_controller.go:77.29,80.3 2 0
BACKEND/controllers/admin_affiliate_controller.go:82.2,83.31 2 0
BACKEND/controllers/admin_affiliate_controller.go:83.31,97.3 3 0
BACKEND/controllers/admin_affiliate_controller.go:97.8,103.3 1 0
BACKEND/controllers/admin_affiliate_controller.go:106.2,112.156 2 0
BACKEND/controllers/admin_affiliate_controller.go:120.49,146.18 4 0
BACKEND/controllers/admin_affiliate_controller.go:146.18,148.3 1 0
BACKEND/controllers/admin_affiliate_controller.go:149.2,151.62 2 0
BACKEND/controllers/admin_affiliate_controller.go:151.62,154.3 2 0
BACKEND/controllers/admin_affiliate_controller.go:156.2,156.58 1 0
BACKEND/controllers/admin_affiliate_controller.go:160.49,199.16 4 0
BACKEND/controllers/admin_affiliate_controller.go:199.16,203.3 3 0
BACKEND/controllers/admin_affiliate_controller.go:206.2,235.4 5 0
BACKEND/controllers/admin_affiliate_controller.go:240.48,248.49 4 0
BACKEND/controllers/admin_affiliate_controller.go:248.49,251.3 2 0
BACKEND/controllers/admin_affiliate_controller.go:254.2,277.16 3 0
BACKEND/controllers/admin_affiliate_controller.go:277.16,281.3 3 0
BACKEND/controllers/admin_affiliate_controller.go:283.2,283.36 1 0
BACKEND/controllers/admin_affiliate_controller.go:283.36,286.3 2 0
BACKEND/controllers/admin_affiliate_controller.go:288.2,288.31 1 0
BACKEND/controllers/admin_affiliate_controller.go:288.31,292.17 3 0
BACKEND/controllers/admin_affiliate_controller.go:292.17,295.4 2 0
BACKEND/controllers/admin_affiliate_controller.go:298.3,299.41 2 0
BACKEND/controllers/admin_affiliate_controller.go:299.41,301.4 1 0
BACKEND/controllers/admin_affiliate_controller.go:303.3,309.17 2 0
BACKEND/controllers/admin_affiliate_controller.go:309.17,313.4 3 0
BACKEND/controllers/admin_affiliate_controller.go:315.3,323.17 3 0
BACKEND/controllers/admin_affiliate_controller.go:323.17,327.4 3 0
BACKEND/controllers/admin_affiliate_controller.go:329.3,351.83 7 0
BACKEND/controllers/admin_affiliate_controller.go:351.83,354.68 3 0
BACKEND/controllers/admin_affiliate_controller.go:354.68,356.5 1 0
BACKEND/controllers/admin_affiliate_controller.go:357.4,360.47 1 0
BACKEND/controllers/admin_affiliate_controller.go:364.3,364.32 1 0
BACKEND/controllers/admin_affiliate_controller.go:364.32,370.46 4 0
BACKEND/controllers/admin_affiliate_controller.go:370.46,372.5 1 0
BACKEND/controllers/admin_affiliate_controller.go:375.4,379.24 2 0
BACKEND/controllers/admin_affiliate_controller.go:379.24,381.5 1 0
BACKEND/controllers/admin_affiliate_controller.go:381.10,383.5 1 0
BACKEND/controllers/admin_affiliate_controller.go:387.3,400.80 4 0
BACKEND/controllers/admin_affiliate_controller.go:400.80,403.66 3 0
BACKEND/controllers/admin_affiliate_controller.go:403.66,405.5 1 0
BACKEND/controllers/admin_affiliate_controller.go:406.4,409.46 1 0
BACKEND/controllers/admin_affiliate_controller.go:413.3,413.30 1 0
BACKEND/controllers/admin_affiliate_controller.go:413.30,419.46 4 0
BACKEND/controllers/admin_affiliate_controller.go:419.46,421.5 1 0
BACKEND/controllers/admin_affiliate_controller.go:424.4,428.24 2 0
BACKEND/controllers/admin_affiliate_controller.go:428.24,430.5 1 0
BACKEND/controllers/admin_affiliate_controller.go:430.10,432.5 1 0
BACKEND/controllers/admin_affiliate_controller.go:436.3,443.31 2 0
BACKEND/controllers/admin_affiliate_controller.go:443.31,451.20 3 0
BACKEND/controllers/admin_affiliate_controller.go:451.20,456.5 1 0
BACKEND/controllers/admin_affiliate_controller.go:459.4,462.147 1 0
BACKEND/controllers/admin_affiliate_controller.go:465.3,470.5 2 0
BACKEND/controllers/admin_affiliate_controller.go:472.8,480.31 2 0
BACKEND/controllers/admin_affiliate_controller.go:480.31,485.4 1 0
BACKEND/controllers/admin_affiliate_controller.go:487.3,487.63 1 0
BACKEND/controllers/admin_affiliate_controller.go:492.38,494.16 2 0
BACKEND/controllers/admin_affiliate_controller.go:494.16,496.3 1 0
BACKEND/controllers/admin_affiliate_controller.go:497.2,497.39 1 0
BACKEND/controllers/admin_affiliate_controller.go:505.42,530.21 4 0
BACKEND/controllers/admin_affiliate_controller.go:530.21,532.3 1 0
BACKEND/controllers/admin_affiliate_controller.go:533.2,537.50 3 0
BACKEND/controllers/admin_affiliate_controller.go:541.43,551.16 4 0
BACKEND/controllers/admin_affiliate_controller.go:551.16,554.3 2 0
BACKEND/controllers/admin_affiliate_controller.go:556.2,556.22 1 0
BACKEND/controllers/admin_affiliate_controller.go:556.22,559.3 2 0
BACKEND/controllers/admin_affiliate_controller.go:562.2,567.19 4 0
BACKEND/controllers/admin_affiliate_controller.go:567.19,572.3 1 0
BACKEND/controllers/admin_affiliate_controller.go:574.2,574.84 1 0
BACKEND/controllers/admin_affiliate_controller.go:578.46,602.2 11 0
BACKEND/controllers/admin_affiliate_controller.go:609.46,628.16 3 0
BACKEND/controllers/admin_affiliate_controller.go:628.16,631.3 2 0
BACKEND/controllers/admin_affiliate_controller.go:633.2,633.51 1 0
BACKEND/controllers/admin_affiliate_controller.go:637.49,641.16 3 0
BACKEND/controllers/admin_affiliate_controller.go:641.16,644.3 2 0
BACKEND/controllers/admin_affiliate_controller.go:646.2,652.49 2 0
BACKEND/controllers/admin_affiliate_controller.go:652.49,655.3 2 0
BACKEND/controllers/admin_affiliate_controller.go:658.2,658.22 1 0
BACKEND/controllers/admin_affiliate_controller.go:658.22,660.3 1 0
BACKEND/controllers/admin_affiliate_controller.go:662.2,668.16 2 0
BACKEND/controllers/admin_affiliate_controller.go:668.16,671.3 2 0
BACKEND/controllers/admin_affiliate_controller.go:673.2,673.73 1 0
BACKEND/controllers/admin_affiliate_controller.go:677.44,679.16 2 0
BACKEND/controllers/admin_affiliate_controller.go:679.16,682.3 2 0
BACKEND/controllers/admin_affiliate_controller.go:684.2,688.55 4 0
BACKEND/controllers/admin_affiliate_controller.go:688.55,691.3 2 0
BACKEND/controllers/admin_affiliate_controller.go:693.2,695.85 2 0
BACKEND/controllers/admin_affiliate_controller.go:699.43,703.16 3 0
BACKEND/controllers/admin_affiliate_controller.go:703.16,706.3 2 0
BACKEND/controllers/admin_affiliate_controller.go:708.2,735.16 3 0
BACKEND/controllers/admin_affiliate_controller.go:735.16,739.3 3 0
BACKEND/controllers/admin_affiliate_controller.go:741.2,741.82 1 0
BACKEND/controllers/admin_affiliate_controller.go:745.48,766.16 4 0
BACKEND/controllers/admin_affiliate_controller.go:766.16,769.3 2 0
BACKEND/controllers/admin_affiliate_controller.go:772.2,790.68 3 0
BACKEND/controllers/admin_affiliate_controller.go:794.45,801.39 4 0
BACKEND/controllers/admin_affiliate_controller.go:801.39,804.3 2 0
BACKEND/controllers/admin_affiliate_controller.go:805.2,809.16 3 0
BACKEND/controllers/admin_affiliate_controller.go:809.16,812.3 2 0
BACKEND/controllers/admin_affiliate_controller.go:814.2,814.67 1 0
BACKEND/controllers/admin_affiliate_controller.go:822.45,830.49 3 0
BACKEND/controllers/admin_affiliate_controller.go:830.49,833.3 2 0
BACKEND/controllers/admin_affiliate_controller.go:835.2,841.16 2 0
BACKEND/controllers/admin_affiliate_controller.go:841.16,844.3 2 0
BACKEND/controllers/admin_affiliate_controller.go:847.2,849.68 2 0
BACKEND/controllers/admin_affiliate_controller.go:853.54,857.16 3 0
BACKEND/controllers/admin_affiliate_controller.go:857.16,860.3 2 0
BACKEND/controllers/admin_affiliate_controller.go:862.2,866.61 4 0
BACKEND/controllers/admin_affiliate_controller.go:866.61,869.3 2 0
BACKEND/controllers/admin_affiliate_controller.go:871.2,872.16 2 0
BACKEND/controllers/admin_affiliate_controller.go:872.16,875.3 2 0
BACKEND/controllers/admin_affiliate_controller.go:877.2,877.101 1 0
BACKEND/controllers/admin_affiliate_controller.go:881.47,889.49 3 0
BACKEND/controllers/admin_affiliate_controller.go:889.49,892.3 2 0
BACKEND/controllers/admin_affiliate_controller.go:894.2,900.16 2 0
BACKEND/controllers/admin_affiliate_controller.go:900.16,903.3 2 0
BACKEND/controllers/admin_affiliate_controller.go:905.2,905.70 1 0
BACKEND/controllers/admin_affiliate_controller.go:909.45,916.49 3 0
BACKEND/controllers/admin_affiliate_controller.go:916.49,919.3 2 0
BACKEND/controllers/admin_affiliate_controller.go:921.2,927.16 2 0
BACKEND/controllers/admin_affiliate_controller.go:927.16,930.3 2 0
BACKEND/controllers/admin_affiliate_controller.go:932.2,932.68 1 0
BACKEND/controllers/admin_affiliate_controller.go:936.45,940.16 3 0
BACKEND/controllers/admin_affiliate_controller.go:940.16,943.3 2 0
BACKEND/controllers/admin_affiliate_controller.go:945.2,945.67 1 0
BACKEND/controllers/admin_affiliate_controller.go:949.44,956.49 3 0
BACKEND/controllers/admin_affiliate_controller.go:956.49,959.3 2 0
BACKEND/controllers/admin_affiliate_controller.go:961.2,967.16 2 0
BACKEND/controllers/admin_affiliate_controller.go:967.16,970.3 2 0
BACKEND/controllers/admin_affiliate_controller.go:972.2,972.67 1 0
BACKEND/controllers/admin_affiliate_controller.go:976.44,980.16 3 0
BACKEND/controllers/admin_affiliate_controller.go:980.16,983.3 2 0
BACKEND/controllers/admin_affiliate_controller.go:985.2,985.66 1 0
BACKEND/controllers/admin_affiliate_controller.go:993.45,999.49 2 0
BACKEND/controllers/admin_affiliate_controller.go:999.49,1002.3 2 0
BACKEND/controllers/admin_affiliate_controller.go:1005.2,1007.16 3 0
BACKEND/controllers/admin_affiliate_controller.go:1007.16,1010.3 2 0
BACKEND/controllers/admin_affiliate_controller.go:1013.2,1013.26 1 0
BACKEND/controllers/admin_affiliate_controller.go:1013.26,1015.3 1 0
BACKEND/controllers/admin_affiliate_controller.go:1017.2,1022.16 2 0
BACKEND/controllers/admin_affiliate_controller.go:1022.16,1025.3 2 0
BACKEND/controllers/admin_affiliate_controller.go:1027.2,1028.92 2 0
BACKEND/controllers/admin_affiliate_controller.go:1032.47,1040.49 3 0
BACKEND/controllers/admin_affiliate_controller.go:1040.49,1043.3 2 0
BACKEND/controllers/admin_affiliate_controller.go:1046.2,1054.16 4 0
BACKEND/controllers/admin_affiliate_controller.go:1054.16,1057.3 2 0
BACKEND/controllers/admin_affiliate_controller.go:1059.2,1060.98 2 0
BACKEND/controllers/admin_affiliate_controller.go:1064.47,1073.16 6 0
BACKEND/controllers/admin_affiliate_controller.go:1073.16,1076.3 2 0
BACKEND/controllers/admin_affiliate_controller.go:1078.2,1078.69 1 0
BACKEND/controllers/admin_affiliate_controller.go:1086.46,1090.16 3 0
BACKEND/controllers/admin_affiliate_controller.go:1090.16,1093.3 2 0
BACKEND/controllers/admin_affiliate_controller.go:1094.2,1094.92 1 0
BACKEND/controllers/admin_affiliate_controller.go:1098.48,1102.16 3 0
BACKEND/controllers/admin_affiliate_controller.go:1102.16,1105.3 2 0
BACKEND/controllers/admin_affiliate_controller.go:1106.2,1106.87 1 0
BACKEND/controllers/admin_affiliate_controller.go:1110.47,1116.49 3 0
BACKEND/controllers/admin_affiliate_controller.go:1116.49,1119.3 2 0
BACKEND/controllers/admin_affiliate_controller.go:1122.2,1123.16 2 0
BACKEND/controllers/admin_affiliate_controller.go:1123.16,1125.17 2 0
BACKEND/controllers/admin_affiliate_controller.go:1125.17,1128.4 2 0
BACKEND/controllers/admin_affiliate_controller.go:1131.2,1133.16 3 0
BACKEND/controllers/admin_affiliate_controller.go:1133.16,1136.3 2 0
BACKEND/controllers/admin_affiliate_controller.go:1137.2,1137.125 1 0
BACKEND/controllers/admin_affiliate_controller.go:1141.48,1145.16 3 0
BACKEND/controllers/admin_affiliate_controller.go:1145.16,1148.3 2 0
BACKEND/controllers/admin_affiliate_controller.go:1149.2,1149.94 1 0
BACKEND/controllers/admin_affiliate_controller.go:1153.50,1157.16 3 0
BACKEND/controllers/admin_affiliate_controller.go:1157.16,1160.3 2 0
BACKEND/controllers/admin_affiliate_controller.go:1161.2,1161.89 1 0
BACKEND/controllers/admin_affiliate_controller.go:1165.49,1171.49 3 0
BACKEND/controllers/admin_affiliate_controller.go:1171.49,1174.3 2 0
BACKEND/controllers/admin_affiliate_controller.go:1176.2,1177.16 2 0
BACKEND/controllers/admin_affiliate_controller.go:1177.16,1179.17 2 0
BACKEND/controllers/admin_affiliate_controller.go:1179.17,1182.4 2 0
BACKEND/controllers/admin_affiliate_controller.go:1185.2,1187.16 3 0
BACKEND/controllers/admin_affiliate_controller.go:1187.16,1190.3 2 0
BACKEND/controllers/admin_affiliate_controller.go:1191.2,1191.127 1 0
BACKEND/controllers/admin_affiliate_controller.go:1199.52,1203.17 3 0
BACKEND/controllers/admin_affiliate_controller.go:1203.17,1205.3 1 0
BACKEND/controllers/admin_affiliate_controller.go:1206.2,1209.16 3 0
BACKEND/controllers/admin_affiliate_controller.go:1209.16,1212.3 2 0
BACKEND/controllers/admin_affiliate_controller.go:1214.2,1218.59 4 0
BACKEND/controllers/admin_affiliate_controller.go:1218.59,1221.3 2 0
BACKEND/controllers/admin_affiliate_controller.go:1224.2,1232.16 4 0
BACKEND/controllers/admin_affiliate_controller.go:1232.16,1235.3 2 0
BACKEND/controllers/admin_affiliate_controller.go:1237.2,1238.117 2 0
BACKEND/controllers/admin_affiliate_controller.go:1242.51,1246.17 3 0
BACKEND/controllers/admin_affiliate_controller.go:1246.17,1248.3 1 0
BACKEND/controllers/admin_affiliate_controller.go:1249.2,1252.16 3 0
BACKEND/controllers/admin_affiliate_controller.go:1252.16,1255.3 2 0
BACKEND/controllers/admin_affiliate_controller.go:1257.2,1261.59 4 0
BACKEND/controllers/admin_affiliate_controller.go:1261.59,1264.3 2 0
BACKEND/controllers/admin_affiliate_controller.go:1267.2,1275.16 4 0
BACKEND/controllers/admin_affiliate_controller.go:1275.16,1278.3 2 0
BACKEND/controllers/admin_affiliate_controller.go:1280.2,1281.113 2 0
BACKEND/controllers/admin_affiliate_controller.go:1289.56,1305.16 4 0
BACKEND/controllers/admin_affiliate_controller.go:1305.16,1315.3 2 0
BACKEND/controllers/admin_affiliate_controller.go:1317.2,1317.52 1 0
BACKEND/controllers/admin_affiliate_controller.go:1321.59,1329.49 3 0
BACKEND/controllers/admin_affiliate_controller.go:1329.49,1332.3 2 0
BACKEND/controllers/admin_affiliate_controller.go:1334.2,1334.62 1 0
BACKEND/controllers/admin_affiliate_controller.go:1334.62,1336.3 1 0
BACKEND/controllers/admin_affiliate_controller.go:1338.2,1346.16 2 0
BACKEND/controllers/admin_affiliate_controller.go:1346.16,1349.3 2 0
BACKEND/controllers/admin_affiliate_controller.go:1351.2,1351.84 1 0
BACKEND/controllers/admin_affiliate_controller.go:1355.48,1366.16 4 0
BACKEND/controllers/admin_affiliate_controller.go:1366.16,1369.3 2 0
BACKEND/controllers/admin_affiliate_controller.go:1371.2,1383.68 3 0
BACKEND/controllers/admin_affiliate_controller.go:1387.49,1402.49 3 0
BACKEND/controllers/admin_affiliate_controller.go:1402.49,1405.3 2 0
BACKEND/controllers/admin_affiliate_controller.go:1407.2,1407.31 1 0
BACKEND/controllers/admin_affiliate_controller.go:1407.31,1410.3 2 0
BACKEND/controllers/admin_affiliate_controller.go:1413.2,1419.16 2 0
BACKEND/controllers/admin_affiliate_controller.go:1419.16,1422.3 2 0
BACKEND/controllers/admin_affiliate_controller.go:1424.2,1426.17 3 0
BACKEND/controllers/admin_affiliate_controller.go:1426.17,1428.3 1 0
BACKEND/controllers/admin_affiliate_controller.go:1431.2,1433.36 2 0
BACKEND/controllers/admin_affiliate_controller.go:1433.36,1438.3 1 0
BACKEND/controllers/admin_affiliate_controller.go:1440.2,1440.86 1 0
BACKEND/controllers/admin_affiliate_controller.go:1444.51,1449.2 3 0
BACKEND/controllers/admin_org_controller.go:14.42,49.16 4 0
BACKEND/controllers/admin_org_controller.go:49.16,52.3 2 0
BACKEND/controllers/admin_org_controller.go:54.2,54.62 1 0
BACKEND/controllers/admin_org_controller.go:60.49,96.16 5 0
BACKEND/controllers/admin_org_controller.go:96.16,99.3 2 0
BACKEND/controllers/admin_org_controller.go:102.2,141.4 7 0
BACKEND/controllers/admin_org_controller.go:147.43,184.2 8 0
BACKEND/controllers/admin_org_controller.go:199.48,203.35 3 0
BACKEND/controllers/admin_org_controller.go:203.35,206.3 2 0
BACKEND/controllers/admin_org_controller.go:208.2,214.16 2 0
BACKEND/controllers/admin_org_controller.go:214.16,217.3 2 0
BACKEND/controllers/admin_org_controller.go:220.2,222.17 3 0
BACKEND/controllers/admin_org_controller.go:222.17,224.23 2 0
BACKEND/controllers/admin_org_controller.go:224.23,226.4 1 0
BACKEND/controllers/admin_org_controller.go:227.3,232.4 1 0
BACKEND/controllers/admin_org_controller.go:235.2,235.78 1 0
BACKEND/controllers/admin_org_controller.go:245.41,259.25 6 0
BACKEND/controllers/admin_org_controller.go:259.25,261.23 2 0
BACKEND/controllers/admin_org_controller.go:261.23,263.4 1 0
BACKEND/controllers/admin_org_controller.go:264.3,269.4 1 0
BACKEND/controllers/admin_org_controller.go:273.2,274.16 2 0
BACKEND/controllers/admin_org_controller.go:274.16,277.3 2 0
BACKEND/controllers/admin_org_controller.go:280.2,291.78 3 0
BACKEND/controllers/admin_organization_controller.go:23.52,29.47 4 0
BACKEND/controllers/admin_organization_controller.go:29.47,32.3 2 0
BACKEND/controllers/admin_organization_controller.go:35.2,53.16 3 0
BACKEND/controllers/admin_organization_controller.go:53.16,56.3 2 0
BACKEND/controllers/admin_organization_controller.go:59.2,59.30 1 0
BACKEND/controllers/admin_organization_controller.go:59.30,78.17 2 0
BACKEND/controllers/admin_organization_controller.go:78.17,81.4 2 0
BACKEND/controllers/admin_organization_controller.go:84.3,88.17 2 0
BACKEND/controllers/admin_organization_controller.go:88.17,91.4 2 0
BACKEND/controllers/admin_organization_controller.go:95.2,107.16 2 0
BACKEND/controllers/admin_organization_controller.go:107.16,110.3 2 0
BACKEND/controllers/admin_organization_controller.go:113.2,113.30 1 0
BACKEND/controllers/admin_organization_controller.go:113.30,120.3 1 0
BACKEND/controllers/admin_organization_controller.go:120.8,120.37 1 0
BACKEND/controllers/admin_organization_controller.go:120.37,122.21 2 0
BACKEND/controllers/admin_organization_controller.go:122.21,124.4 1 0
BACKEND/controllers/admin_organization_controller.go:125.3,130.4 1 0
BACKEND/controllers/admin_organization_controller.go:133.2,136.4 1 0
BACKEND/controllers/admin_organization_controller.go:150.53,179.16 3 0
BACKEND/controllers/admin_organization_controller.go:179.16,183.3 3 0
BACKEND/controllers/admin_organization_controller.go:185.2,185.60 1 0
BACKEND/controllers/admin_organization_controller.go:191.53,208.16 4 0
BACKEND/controllers/admin_organization_controller.go:208.16,211.3 2 0
BACKEND/controllers/admin_organization_controller.go:213.2,213.58 1 0
BACKEND/controllers/ads_controller.go:23.32,43.16 3 0
BACKEND/controllers/ads_controller.go:43.16,46.3 2 0
BACKEND/controllers/ads_controller.go:48.2,48.16 1 0
BACKEND/controllers/ads_controller.go:48.16,61.3 1 0
BACKEND/controllers/ads_controller.go:63.2,63.28 1 0
BACKEND/controllers/ads_controller.go:68.37,77.36 7 0
BACKEND/controllers/ads_controller.go:77.36,80.3 2 0
BACKEND/controllers/ads_controller.go:83.2,89.33 2 0
BACKEND/controllers/ads_controller.go:89.33,92.3 2 0
BACKEND/controllers/ads_controller.go:95.2,96.16 2 0
BACKEND/controllers/ads_controller.go:96.16,99.3 2 0
BACKEND/controllers/ads_controller.go:102.2,107.59 5 0
BACKEND/controllers/ads_controller.go:107.59,110.3 2 0
BACKEND/controllers/ads_controller.go:113.2,114.21 2 0
BACKEND/controllers/ads_controller.go:114.21,116.3 1 0
BACKEND/controllers/ads_controller.go:117.2,117.19 1 0
BACKEND/controllers/ads_controller.go:117.19,119.3 1 0
BACKEND/controllers/ads_controller.go:121.2,126.16 2 0
BACKEND/controllers/ads_controller.go:126.16,129.3 2 0
BACKEND/controllers/ads_controller.go:131.2,135.4 2 0
BACKEND/controllers/ads_controller.go:140.37,154.17 11 0
BACKEND/controllers/ads_controller.go:154.17,157.3 2 0
BACKEND/controllers/ads_controller.go:160.2,161.31 2 0
BACKEND/controllers/ads_controller.go:161.31,167.60 5 0
BACKEND/controllers/ads_controller.go:167.60,169.4 1 0
BACKEND/controllers/ads_controller.go:173.2,173.17 1 0
BACKEND/controllers/ads_controller.go:173.17,175.3 1 0
BACKEND/controllers/ads_controller.go:176.2,176.21 1 0
BACKEND/controllers/ads_controller.go:176.21,178.3 1 0
BACKEND/controllers/ads_controller.go:179.2,179.21 1 0
BACKEND/controllers/ads_controller.go:179.21,181.3 1 0
BACKEND/controllers/ads_controller.go:182.2,182.21 1 0
BACKEND/controllers/ads_controller.go:182.21,184.3 1 0
BACKEND/controllers/ads_controller.go:185.2,185.19 1 0
BACKEND/controllers/ads_controller.go:185.19,187.3 1 0
BACKEND/controllers/ads_controller.go:188.2,188.20 1 0
BACKEND/controllers/ads_controller.go:188.20,191.3 2 0
BACKEND/controllers/ads_controller.go:192.2,192.22 1 0
BACKEND/controllers/ads_controller.go:192.22,195.3 2 0
BACKEND/controllers/ads_controller.go:197.2,197.69 1 0
BACKEND/controllers/ads_controller.go:202.37,211.19 6 0
BACKEND/controllers/ads_controller.go:211.19,214.3 2 0
BACKEND/controllers/ads_controller.go:217.2,217.21 1 0
BACKEND/controllers/ads_controller.go:217.21,219.3 1 0
BACKEND/controllers/ads_controller.go:221.2,221.68 1 0
BACKEND/controllers/ads_controller.go:230.35,242.21 4 0
BACKEND/controllers/ads_controller.go:242.21,245.3 2 0
BACKEND/controllers/ads_controller.go:247.2,259.16 4 0
BACKEND/controllers/ads_controller.go:259.16,262.3 2 0
BACKEND/controllers/ads_controller.go:264.2,264.16 1 0
BACKEND/controllers/ads_controller.go:264.16,273.3 1 0
BACKEND/controllers/ads_controller.go:275.2,275.28 1 0
BACKEND/controllers/affiliate_controller.go:17.37,23.49 3 1
BACKEND/controllers/affiliate_controller.go:23.49,26.3 2 1
BACKEND/controllers/affiliate_controller.go:29.2,35.17 3 1
BACKEND/controllers/affiliate_controller.go:35.17,38.3 2 0
BACKEND/controllers/affiliate_controller.go:41.2,43.21 3 1
BACKEND/controllers/affiliate_controller.go:43.21,46.3 2 1
BACKEND/controllers/affiliate_controller.go:49.2,54.16 2 1
BACKEND/controllers/affiliate_controller.go:54.16,57.3 2 0
BACKEND/controllers/affiliate_controller.go:59.2,59.87 1 1
BACKEND/controllers/affiliate_controller.go:63.48,79.16 4 1
BACKEND/controllers/affiliate_controller.go:79.16,82.3 2 1
BACKEND/controllers/affiliate_controller.go:84.2,84.50 1 1
BACKEND/controllers/affiliate_controller.go:88.44,132.2 9 1
BACKEND/controllers/affiliate_controller.go:135.41,166.16 4 1
BACKEND/controllers/affiliate_controller.go:166.16,169.3 2 0
BACKEND/controllers/affiliate_controller.go:171.2,171.48 1 1
BACKEND/controllers/affiliate_controller.go:176.43,186.25 8 0
BACKEND/controllers/affiliate_controller.go:186.25,188.3 1 0
BACKEND/controllers/affiliate_controller.go:190.2,192.22 2 0
BACKEND/controllers/affiliate_controller.go:192.22,196.3 3 0
BACKEND/controllers/affiliate_controller.go:198.2,203.16 4 0
BACKEND/controllers/affiliate_controller.go:203.16,207.68 4 0
BACKEND/controllers/affiliate_controller.go:207.68,209.4 1 0
BACKEND/controllers/affiliate_controller.go:213.2,223.17 6 0
BACKEND/controllers/affiliate_controller.go:223.17,228.40 4 0
BACKEND/controllers/affiliate_controller.go:228.40,229.14 1 0
BACKEND/controllers/affiliate_controller.go:229.14,230.10 1 0
BACKEND/controllers/affiliate_controller.go:232.4,234.67 3 0
BACKEND/controllers/affiliate_controller.go:234.67,236.29 2 0
BACKEND/controllers/affiliate_controller.go:236.29,238.6 1 0
BACKEND/controllers/affiliate_controller.go:239.5,239.20 1 0
BACKEND/controllers/affiliate_controller.go:239.20,241.6 1 0
BACKEND/controllers/affiliate_controller.go:242.5,243.35 2 0
BACKEND/controllers/affiliate_controller.go:243.35,245.6 1 0
BACKEND/controllers/affiliate_controller.go:246.5,246.118 1 0
BACKEND/controllers/affiliate_controller.go:252.2,253.17 2 0
BACKEND/controllers/affiliate_controller.go:253.17,258.42 4 0
BACKEND/controllers/affiliate_controller.go:258.42,259.14 1 0
BACKEND/controllers/affiliate_controller.go:259.14,260.10 1 0
BACKEND/controllers/affiliate_controller.go:262.4,264.69 3 0
BACKEND/controllers/affiliate_controller.go:264.69,266.28 2 0
BACKEND/controllers/affiliate_controller.go:266.28,268.6 1 0
BACKEND/controllers/affiliate_controller.go:269.5,269.20 1 0
BACKEND/controllers/affiliate_controller.go:269.20,271.6 1 0
BACKEND/controllers/affiliate_controller.go:272.5,273.34 2 0
BACKEND/controllers/affiliate_controller.go:273.34,275.6 1 0
BACKEND/controllers/affiliate_controller.go:276.5,276.117 1 0
BACKEND/controllers/affiliate_controller.go:282.2,282.57 1 0
BACKEND/controllers/affiliate_controller.go:282.57,285.3 2 0
BACKEND/controllers/affiliate_controller.go:288.2,294.17 5 0
BACKEND/controllers/affiliate_controller.go:294.17,297.3 2 0
BACKEND/controllers/affiliate_controller.go:298.2,298.74 1 0
BACKEND/controllers/affiliate_controller.go:298.74,301.3 2 0
BACKEND/controllers/affiliate_controller.go:304.2,312.29 4 0
BACKEND/controllers/affiliate_controller.go:312.29,315.3 2 0
BACKEND/controllers/affiliate_controller.go:316.2,316.28 1 0
BACKEND/controllers/affiliate_controller.go:316.28,319.3 2 0
BACKEND/controllers/affiliate_controller.go:324.2,334.16 2 0
BACKEND/controllers/affiliate_controller.go:334.16,338.3 3 0
BACKEND/controllers/affiliate_controller.go:340.2,343.39 2 0
BACKEND/controllers/affiliate_controller.go:343.39,348.17 2 0
BACKEND/controllers/affiliate_controller.go:348.17,350.4 1 0
BACKEND/controllers/affiliate_controller.go:354.2,354.37 1 0
BACKEND/controllers/affiliate_controller.go:354.37,359.17 2 0
BACKEND/controllers/affiliate_controller.go:359.17,361.4 1 0
BACKEND/controllers/affiliate_controller.go:364.2,370.4 2 0
BACKEND/controllers/affiliate_controller.go:374.51,401.16 5 0
BACKEND/controllers/affiliate_controller.go:401.16,404.3 2 0
BACKEND/controllers/affiliate_controller.go:407.2,424.4 3 0
BACKEND/controllers/affiliate_controller.go:432.42,448.16 4 1
BACKEND/controllers/affiliate_controller.go:448.16,457.3 2 1
BACKEND/controllers/affiliate_controller.go:459.2,461.50 2 1
BACKEND/controllers/affiliate_controller.go:465.39,476.49 3 1
BACKEND/controllers/affiliate_controller.go:476.49,479.3 2 1
BACKEND/controllers/affiliate_controller.go:482.2,482.26 1 1
BACKEND/controllers/affiliate_controller.go:482.26,485.3 2 1
BACKEND/controllers/affiliate_controller.go:488.2,498.16 3 1
BACKEND/controllers/affiliate_controller.go:498.16,506.3 1 0
BACKEND/controllers/affiliate_controller.go:508.2,510.37 2 1
BACKEND/controllers/affiliate_controller.go:510.37,513.3 2 1
BACKEND/controllers/affiliate_controller.go:516.2,524.16 2 1
BACKEND/controllers/affiliate_controller.go:524.16,528.3 3 0
BACKEND/controllers/affiliate_controller.go:531.2,533.59 3 1
BACKEND/controllers/affiliate_controller.go:533.59,535.3 1 1
BACKEND/controllers/affiliate_controller.go:537.2,549.4 3 1
BACKEND/controllers/affiliate_controller.go:553.43,573.2 4 1
BACKEND/controllers/affiliate_partnership_controller.go:23.41,26.16 3 0
BACKEND/controllers/affiliate_partnership_controller.go:26.16,29.3 2 0
BACKEND/controllers/affiliate_partnership_controller.go:32.2,42.24 4 0
BACKEND/controllers/affiliate_partnership_controller.go:42.24,44.3 1 0
BACKEND/controllers/affiliate_partnership_controller.go:45.2,45.50 1 0
BACKEND/controllers/affiliate_partnership_controller.go:45.50,47.3 1 0
BACKEND/controllers/affiliate_partnership_controller.go:48.2,48.54 1 0
BACKEND/controllers/affiliate_partnership_controller.go:48.54,50.3 1 0
BACKEND/controllers/affiliate_partnership_controller.go:51.2,51.52 1 0
BACKEND/controllers/affiliate_partnership_controller.go:51.52,53.3 1 0
BACKEND/controllers/affiliate_partnership_controller.go:54.2,54.58 1 0
BACKEND/controllers/affiliate_partnership_controller.go:54.58,56.3 1 0
BACKEND/controllers/affiliate_partnership_controller.go:58.2,58.28 1 0
BACKEND/controllers/affiliate_partnership_controller.go:58.28,65.3 2 0
BACKEND/controllers/affiliate_partnership_controller.go:68.2,74.49 2 0
BACKEND/controllers/affiliate_partnership_controller.go:74.49,77.3 2 0
BACKEND/controllers/affiliate_partnership_controller.go:80.2,92.16 3 0
BACKEND/controllers/affiliate_partnership_controller.go:92.16,95.3 2 0
BACKEND/controllers/affiliate_partnership_controller.go:98.2,98.26 1 0
BACKEND/controllers/affiliate_partnership_controller.go:98.26,101.3 2 0
BACKEND/controllers/affiliate_partnership_controller.go:104.2,110.75 3 0
BACKEND/controllers/affiliate_partnership_controller.go:110.75,113.3 2 0
BACKEND/controllers/affiliate_partnership_controller.go:116.2,121.23 3 0
BACKEND/controllers/affiliate_partnership_controller.go:121.23,124.3 2 0
BACKEND/controllers/affiliate_partnership_controller.go:127.2,129.26 3 0
BACKEND/controllers/affiliate_partnership_controller.go:129.26,132.3 2 0
BACKEND/controllers/affiliate_partnership_controller.go:135.2,146.16 5 0
BACKEND/controllers/affiliate_partnership_controller.go:146.16,149.3 2 0
BACKEND/controllers/affiliate_partnership_controller.go:152.2,161.4 2 0
BACKEND/controllers/affiliate_partnership_controller.go:166.40,192.16 4 0
BACKEND/controllers/affiliate_partnership_controller.go:192.16,195.3 2 0
BACKEND/controllers/affiliate_partnership_controller.go:197.2,197.25 1 0
BACKEND/controllers/affiliate_partnership_controller.go:197.25,209.3 1 0
BACKEND/controllers/affiliate_partnership_controller.go:211.2,211.37 1 0
BACKEND/controllers/affiliate_partnership_controller.go:220.43,226.16 4 0
BACKEND/controllers/affiliate_partnership_controller.go:226.16,229.3 2 0
BACKEND/controllers/affiliate_partnership_controller.go:231.2,262.16 3 0
BACKEND/controllers/affiliate_partnership_controller.go:262.16,265.3 2 0
BACKEND/controllers/affiliate_partnership_controller.go:267.2,267.21 1 0
BACKEND/controllers/affiliate_partnership_controller.go:267.21,286.3 1 0
BACKEND/controllers/affiliate_partnership_controller.go:288.2,288.33 1 0
BACKEND/controllers/affiliate_partnership_controller.go:293.46,296.16 3 0
BACKEND/controllers/affiliate_partnership_controller.go:296.16,299.3 2 0
BACKEND/controllers/affiliate_partnership_controller.go:301.2,305.49 2 0
BACKEND/controllers/affiliate_partnership_controller.go:305.49,308.3 1 0
BACKEND/controllers/affiliate_partnership_controller.go:309.2,309.71 1 0
BACKEND/controllers/affiliate_partnership_controller.go:309.71,312.3 2 0
BACKEND/controllers/affiliate_partnership_controller.go:315.2,327.16 5 0
BACKEND/controllers/affiliate_partnership_controller.go:327.16,330.3 2 0
BACKEND/controllers/affiliate_partnership_controller.go:332.2,332.41 1 0
BACKEND/controllers/affiliate_partnership_controller.go:332.41,335.3 2 0
BACKEND/controllers/affiliate_partnership_controller.go:337.2,337.37 1 0
BACKEND/controllers/affiliate_partnership_controller.go:337.37,340.3 2 0
BACKEND/controllers/affiliate_partnership_controller.go:343.2,348.21 4 0
BACKEND/controllers/affiliate_partnership_controller.go:348.21,350.3 1 0
BACKEND/controllers/affiliate_partnership_controller.go:350.8,354.24 3 0
BACKEND/controllers/affiliate_partnership_controller.go:354.24,357.4 2 0
BACKEND/controllers/affiliate_partnership_controller.go:361.2,371.16 2 0
BACKEND/controllers/affiliate_partnership_controller.go:371.16,374.3 2 0
BACKEND/controllers/affiliate_partnership_controller.go:377.2,394.4 3 0
BACKEND/controllers/affiliate_partnership_controller.go:399.45,413.41 7 0
BACKEND/controllers/affiliate_partnership_controller.go:413.41,416.3 2 0
BACKEND/controllers/affiliate_partnership_controller.go:418.2,430.60 5 0
BACKEND/controllers/affiliate_partnership_controller.go:435.49,438.16 3 0
BACKEND/controllers/affiliate_partnership_controller.go:438.16,441.3 2 0
BACKEND/controllers/affiliate_partnership_controller.go:443.2,448.49 2 0
BACKEND/controllers/affiliate_partnership_controller.go:448.49,451.3 2 0
BACKEND/controllers/affiliate_partnership_controller.go:454.2,465.16 5 0
BACKEND/controllers/affiliate_partnership_controller.go:465.16,468.3 2 0
BACKEND/controllers/affiliate_partnership_controller.go:470.2,470.41 1 0
BACKEND/controllers/affiliate_partnership_controller.go:470.41,473.3 2 0
BACKEND/controllers/affiliate_partnership_controller.go:476.2,476.71 1 0
BACKEND/controllers/affiliate_partnership_controller.go:476.71,479.3 2 0
BACKEND/controllers/affiliate_partnership_controller.go:482.2,482.28 1 0
BACKEND/controllers/affiliate_partnership_controller.go:482.28,485.24 3 0
BACKEND/controllers/affiliate_partnership_controller.go:485.24,488.4 2 0
BACKEND/controllers/affiliate_partnership_controller.go:492.2,492.27 1 0
BACKEND/controllers/affiliate_partnership_controller.go:492.27,498.3 1 0
BACKEND/controllers/affiliate_partnership_controller.go:498.8,504.3 1 0
BACKEND/controllers/affiliate_partnership_controller.go:506.2,506.16 1 0
BACKEND/controllers/affiliate_partnership_controller.go:506.16,509.3 2 0
BACKEND/controllers/affiliate_partnership_controller.go:512.2,521.72 4 0
BACKEND/controllers/affiliate_partnership_controller.go:526.44,540.16 7 0
BACKEND/controllers/affiliate_partnership_controller.go:540.16,543.3 2 0
BACKEND/controllers/affiliate_partnership_controller.go:545.2,545.41 1 0
BACKEND/controllers/affiliate_partnership_controller.go:545.41,548.3 2 0
BACKEND/controllers/affiliate_partnership_controller.go:550.2,557.15 6 0
BACKEND/controllers/affiliate_partnership_controller.go:557.15,559.3 1 0
BACKEND/controllers/affiliate_partnership_controller.go:561.2,571.4 2 0
BACKEND/controllers/affiliate_partnership_controller.go:576.49,589.16 7 0
BACKEND/controllers/affiliate_partnership_controller.go:589.16,592.3 2 0
BACKEND/controllers/affiliate_partnership_controller.go:594.2,594.41 1 0
BACKEND/controllers/affiliate_partnership_controller.go:594.41,597.3 2 0
BACKEND/controllers/affiliate_partnership_controller.go:599.2,600.16 2 0
BACKEND/controllers/affiliate_partnership_controller.go:600.16,603.3 2 0
BACKEND/controllers/affiliate_partnership_controller.go:605.2,615.71 4 0
BACKEND/controllers/affiliate_partnership_controller.go:624.43,630.16 4 0
BACKEND/controllers/affiliate_partnership_controller.go:630.16,633.3 2 0
BACKEND/controllers/affiliate_partnership_controller.go:635.2,666.16 4 0
BACKEND/controllers/affiliate_partnership_controller.go:666.16,670.3 3 0
BACKEND/controllers/affiliate_partnership_controller.go:673.2,673.23 1 0
BACKEND/controllers/affiliate_partnership_controller.go:673.23,690.3 6 0
BACKEND/controllers/affiliate_partnership_controller.go:692.2,692.18 1 0
BACKEND/controllers/affiliate_partnership_controller.go:692.18,707.3 1 0
BACKEND/controllers/affiliate_partnership_controller.go:709.2,709.30 1 0
BACKEND/controllers/affiliate_partnership_controller.go:713.68,717.25 3 0
BACKEND/controllers/affiliate_partnership_controller.go:717.25,719.3 1 0
BACKEND/controllers/affiliate_partnership_controller.go:720.2,720.49 1 0
BACKEND/controllers/auth_controller.go:35.31,37.47 2 1
BACKEND/controllers/auth_controller.go:37.47,40.3 2 1
BACKEND/controllers/auth_controller.go:43.2,44.101 2 1
BACKEND/controllers/auth_controller.go:44.101,47.3 2 0
BACKEND/controllers/auth_controller.go:48.2,48.15 1 1
BACKEND/controllers/auth_controller.go:48.15,51.3 2 1
BACKEND/controllers/auth_controller.go:54.2,55.16 2 1
BACKEND/controllers/auth_controller.go:55.16,58.3 2 0
BACKEND/controllers/auth_controller.go:61.2,66.16 2 1
BACKEND/controllers/auth_controller.go:66.16,70.3 3 0
BACKEND/controllers/auth_controller.go:72.2,77.25 2 1
BACKEND/controllers/auth_controller.go:77.25,79.3 1 0
BACKEND/controllers/auth_controller.go:82.2,82.61 1 1
BACKEND/controllers/auth_controller.go:82.61,91.17 2 1
BACKEND/controllers/auth_controller.go:91.17,94.4 1 0
BACKEND/controllers/auth_controller.go:97.3,97.13 1 1
BACKEND/controllers/auth_controller.go:97.13,105.37 3 1
BACKEND/controllers/auth_controller.go:105.37,112.5 1 0
BACKEND/controllers/auth_controller.go:115.3,120.9 2 1
BACKEND/controllers/auth_controller.go:123.2,126.4 1 1
BACKEND/controllers/auth_controller.go:138.28,141.47 2 1
BACKEND/controllers/auth_controller.go:141.47,144.3 2 1
BACKEND/controllers/auth_controller.go:147.2,152.28 2 1
BACKEND/controllers/auth_controller.go:152.28,155.3 2 1
BACKEND/controllers/auth_controller.go:158.2,158.103 1 1
BACKEND/controllers/auth_controller.go:158.103,161.3 2 1
BACKEND/controllers/auth_controller.go:164.2,172.16 3 1
BACKEND/controllers/auth_controller.go:172.16,174.3 1 0
BACKEND/controllers/auth_controller.go:178.2,179.16 2 1
BACKEND/controllers/auth_controller.go:179.16,183.3 3 0
BACKEND/controllers/auth_controller.go:186.2,195.4 1 1
BACKEND/controllers/cart_controller.go:19.30,25.16 4 1
BACKEND/controllers/cart_controller.go:25.16,29.3 2 1
BACKEND/controllers/cart_controller.go:32.2,64.29 6 1
BACKEND/controllers/cart_controller.go:64.29,66.3 1 1
BACKEND/controllers/cart_controller.go:68.2,68.18 1 1
BACKEND/controllers/cart_controller.go:68.18,79.3 1 1
BACKEND/controllers/cart_controller.go:81.2,87.4 1 1
BACKEND/controllers/cart_controller.go:98.32,102.49 3 1
BACKEND/controllers/cart_controller.go:102.49,105.3 2 0
BACKEND/controllers/cart_controller.go:107.2,107.52 1 1
BACKEND/controllers/cart_controller.go:107.52,110.3 2 1
BACKEND/controllers/cart_controller.go:113.2,115.16 3 1
BACKEND/controllers/cart_controller.go:115.16,118.3 2 1
BACKEND/controllers/cart_controller.go:120.2,120.28 1 1
BACKEND/controllers/cart_controller.go:120.28,129.17 3 1
BACKEND/controllers/cart_controller.go:129.17,132.4 2 1
BACKEND/controllers/cart_controller.go:133.3,133.43 1 1
BACKEND/controllers/cart_controller.go:133.43,136.4 2 0
BACKEND/controllers/cart_controller.go:139.3,141.20 3 1
BACKEND/controllers/cart_controller.go:141.20,144.4 2 1
BACKEND/controllers/cart_controller.go:147.3,149.17 3 1
BACKEND/controllers/cart_controller.go:149.17,152.4 2 1
BACKEND/controllers/cart_controller.go:155.3,159.17 2 1
BACKEND/controllers/cart_controller.go:159.17,162.4 2 0
BACKEND/controllers/cart_controller.go:164.8,164.33 1 0
BACKEND/controllers/cart_controller.go:164.33,172.17 3 0
BACKEND/controllers/cart_controller.go:172.17,175.4 2 0
BACKEND/controllers/cart_controller.go:177.3,177.60 1 0
BACKEND/controllers/cart_controller.go:177.60,180.4 2 0
BACKEND/controllers/cart_controller.go:183.3,185.17 3 0
BACKEND/controllers/cart_controller.go:185.17,188.4 2 0
BACKEND/controllers/cart_controller.go:191.3,195.17 2 0
BACKEND/controllers/cart_controller.go:195.17,198.4 2 0
BACKEND/controllers/cart_controller.go:201.2,201.78 1 1
BACKEND/controllers/cart_controller.go:206.37,213.16 5 1
BACKEND/controllers/cart_controller.go:213.16,216.3 2 0
BACKEND/controllers/cart_controller.go:219.2,221.19 3 1
BACKEND/controllers/cart_controller.go:221.19,224.3 2 1
BACKEND/controllers/cart_controller.go:226.2,226.72 1 1
BACKEND/controllers/cart_controller.go:231.41,237.49 3 1
BACKEND/controllers/cart_controller.go:237.49,240.3 2 0
BACKEND/controllers/cart_controller.go:243.2,257.16 3 1
BACKEND/controllers/cart_controller.go:257.16,260.3 2 1
BACKEND/controllers/cart_controller.go:263.2,263.27 1 1
BACKEND/controllers/cart_controller.go:263.27,266.3 2 0
BACKEND/controllers/cart_controller.go:269.2,269.27 1 1
BACKEND/controllers/cart_controller.go:269.27,272.3 2 0
BACKEND/controllers/cart_controller.go:275.2,277.17 3 1
BACKEND/controllers/cart_controller.go:277.17,280.3 2 1
BACKEND/controllers/cart_controller.go:283.2,288.4 2 1
BACKEND/controllers/cart_controller.go:293.32,300.2 4 1
BACKEND/controllers/cart_controller.go:304.41,310.2 3 1
BACKEND/controllers/checkout_controller.go:23.35,32.16 4 0
BACKEND/controllers/checkout_controller.go:32.16,35.3 2 0
BACKEND/controllers/checkout_controller.go:38.2,38.60 1 0
BACKEND/controllers/checkout_controller.go:38.60,50.63 3 0
BACKEND/controllers/checkout_controller.go:50.63,55.4 3 0
BACKEND/controllers/checkout_controller.go:59.2,68.21 3 0
BACKEND/controllers/checkout_controller.go:68.21,71.3 2 0
BACKEND/controllers/checkout_controller.go:74.2,75.29 2 0
BACKEND/controllers/checkout_controller.go:75.29,77.3 1 0
BACKEND/controllers/checkout_controller.go:79.2,79.17 1 0
BACKEND/controllers/checkout_controller.go:79.17,82.3 2 0
BACKEND/controllers/checkout_controller.go:85.2,94.84 3 0
BACKEND/controllers/checkout_controller.go:94.84,100.3 2 0
BACKEND/controllers/checkout_controller.go:103.2,111.29 5 0
BACKEND/controllers/checkout_controller.go:111.29,112.58 1 0
BACKEND/controllers/checkout_controller.go:112.58,119.18 2 0
BACKEND/controllers/checkout_controller.go:119.18,121.5 1 0
BACKEND/controllers/checkout_controller.go:122.9,122.69 1 0
BACKEND/controllers/checkout_controller.go:122.69,128.38 4 0
BACKEND/controllers/checkout_controller.go:128.38,134.5 1 0
BACKEND/controllers/checkout_controller.go:139.2,139.31 1 0
BACKEND/controllers/checkout_controller.go:139.31,141.3 1 0
BACKEND/controllers/checkout_controller.go:144.2,145.29 2 0
BACKEND/controllers/checkout_controller.go:145.29,147.33 2 0
BACKEND/controllers/checkout_controller.go:147.33,151.4 3 0
BACKEND/controllers/checkout_controller.go:151.9,155.4 3 0
BACKEND/controllers/checkout_controller.go:156.3,156.25 1 0
BACKEND/controllers/checkout_controller.go:156.25,158.4 1 0
BACKEND/controllers/checkout_controller.go:160.3,165.5 1 0
BACKEND/controllers/checkout_controller.go:168.2,185.20 3 0
BACKEND/controllers/checkout_controller.go:185.20,188.3 2 0
BACKEND/controllers/checkout_controller.go:192.2,205.4 4 0
BACKEND/controllers/checkout_controller.go:214.67,219.40 3 0
BACKEND/controllers/checkout_controller.go:219.40,221.22 2 0
BACKEND/controllers/checkout_controller.go:221.22,225.4 3 0
BACKEND/controllers/checkout_controller.go:228.2,233.16 4 0
BACKEND/controllers/checkout_controller.go:233.16,235.3 1 0
BACKEND/controllers/checkout_controller.go:236.2,267.37 8 0
BACKEND/controllers/checkout_controller.go:267.37,268.26 1 0
BACKEND/controllers/checkout_controller.go:268.26,269.12 1 0
BACKEND/controllers/checkout_controller.go:274.3,275.69 2 0
BACKEND/controllers/checkout_controller.go:275.69,278.4 2 0
BACKEND/controllers/checkout_controller.go:278.9,278.41 1 0
BACKEND/controllers/checkout_controller.go:278.41,281.4 2 0
BACKEND/controllers/checkout_controller.go:283.3,289.27 3 0
BACKEND/controllers/checkout_controller.go:289.27,298.18 2 0
BACKEND/controllers/checkout_controller.go:298.18,301.5 2 0
BACKEND/controllers/checkout_controller.go:301.10,303.5 1 0
BACKEND/controllers/checkout_controller.go:306.3,306.19 1 0
BACKEND/controllers/checkout_controller.go:306.19,323.21 5 0
BACKEND/controllers/checkout_controller.go:323.21,325.5 1 0
BACKEND/controllers/checkout_controller.go:325.10,327.5 1 0
BACKEND/controllers/checkout_controller.go:330.4,350.5 3 0
BACKEND/controllers/checkout_controller.go:352.9,361.4 1 0
BACKEND/controllers/checkout_controller.go:364.3,367.110 1 0
BACKEND/controllers/checkout_controller.go:371.2,382.20 4 0
BACKEND/controllers/event_controller.go:17.59,21.2 3 0
BACKEND/controllers/event_controller.go:50.48,55.16 4 0
BACKEND/controllers/event_controller.go:55.16,58.3 2 0
BACKEND/controllers/event_controller.go:60.2,66.16 3 0
BACKEND/controllers/event_controller.go:66.16,69.3 2 0
BACKEND/controllers/event_controller.go:71.2,73.16 3 0
BACKEND/controllers/event_controller.go:73.16,73.51 1 0
BACKEND/controllers/event_controller.go:75.2,75.26 1 0
BACKEND/controllers/event_controller.go:75.26,78.20 3 0
BACKEND/controllers/event_controller.go:78.20,78.57 1 0
BACKEND/controllers/event_controller.go:79.3,83.19 4 0
BACKEND/controllers/event_controller.go:83.19,83.54 1 0
BACKEND/controllers/event_controller.go:84.3,84.28 1 0
BACKEND/controllers/event_controller.go:87.2,87.68 1 0
BACKEND/controllers/event_controller.go:97.34,100.16 3 0
BACKEND/controllers/event_controller.go:100.16,103.3 2 0
BACKEND/controllers/event_controller.go:104.2,105.47 2 0
BACKEND/controllers/event_controller.go:105.47,108.3 2 0
BACKEND/controllers/event_controller.go:109.2,110.16 2 0
BACKEND/controllers/event_controller.go:110.16,113.3 2 0
BACKEND/controllers/event_controller.go:114.2,115.79 2 0
BACKEND/controllers/event_controller.go:119.35,122.16 3 0
BACKEND/controllers/event_controller.go:122.16,125.3 2 0
BACKEND/controllers/event_controller.go:126.2,128.19 3 0
BACKEND/controllers/event_controller.go:128.19,128.48 1 0
BACKEND/controllers/event_controller.go:129.2,129.48 1 0
BACKEND/controllers/event_controller.go:135.34,140.16 4 0
BACKEND/controllers/event_controller.go:140.16,143.3 2 0
BACKEND/controllers/event_controller.go:146.2,148.16 3 0
BACKEND/controllers/event_controller.go:148.16,151.3 2 0
BACKEND/controllers/event_controller.go:154.2,157.16 3 0
BACKEND/controllers/event_controller.go:157.16,159.37 1 0
BACKEND/controllers/event_controller.go:159.37,163.36 3 0
BACKEND/controllers/event_controller.go:163.36,163.55 1 0
BACKEND/controllers/event_controller.go:164.4,169.35 4 0
BACKEND/controllers/event_controller.go:169.35,169.54 1 0
BACKEND/controllers/event_controller.go:170.4,173.72 2 0
BACKEND/controllers/event_controller.go:177.3,178.17 2 0
BACKEND/controllers/event_controller.go:178.17,181.4 2 0
BACKEND/controllers/event_controller.go:185.2,185.24 1 0
BACKEND/controllers/event_controller.go:185.24,187.3 1 0
BACKEND/controllers/event_controller.go:190.2,192.16 2 0
BACKEND/controllers/event_controller.go:192.16,196.3 3 0
BACKEND/controllers/event_controller.go:198.2,198.84 1 0
BACKEND/controllers/event_controller.go:210.34,215.16 4 0
BACKEND/controllers/event_controller.go:215.16,218.3 2 0
BACKEND/controllers/event_controller.go:221.2,223.16 3 0
BACKEND/controllers/event_controller.go:223.16,226.3 2 0
BACKEND/controllers/event_controller.go:228.2,229.49 2 0
BACKEND/controllers/event_controller.go:229.49,232.3 2 0
BACKEND/controllers/event_controller.go:235.2,241.16 2 0
BACKEND/controllers/event_controller.go:241.16,244.3 2 0
BACKEND/controllers/event_controller.go:246.2,246.70 1 0
BACKEND/controllers/event_controller.go:252.43,257.16 4 0
BACKEND/controllers/event_controller.go:257.16,260.3 2 0
BACKEND/controllers/event_controller.go:263.2,265.16 3 0
BACKEND/controllers/event_controller.go:265.16,268.3 2 0
BACKEND/controllers/event_controller.go:271.2,272.16 2 0
BACKEND/controllers/event_controller.go:272.16,275.3 2 0
BACKEND/controllers/event_controller.go:278.2,285.59 6 0
BACKEND/controllers/event_controller.go:285.59,288.3 2 0
BACKEND/controllers/event_controller.go:291.2,293.16 3 0
BACKEND/controllers/event_controller.go:293.16,296.3 2 0
BACKEND/controllers/event_controller.go:298.2,301.4 1 0
BACKEND/controllers/event_public_controller.go:29.39,45.28 4 0
BACKEND/controllers/event_public_controller.go:45.28,47.3 1 0
BACKEND/controllers/event_public_controller.go:50.2,52.27 3 0
BACKEND/controllers/event_public_controller.go:52.27,54.3 1 0
BACKEND/controllers/event_public_controller.go:56.2,59.4 1 0
BACKEND/controllers/event_public_controller.go:65.37,79.16 4 0
BACKEND/controllers/event_public_controller.go:79.16,83.3 3 0
BACKEND/controllers/event_public_controller.go:86.2,108.16 5 0
BACKEND/controllers/event_public_controller.go:108.16,110.3 1 0
BACKEND/controllers/event_public_controller.go:112.2,116.4 1 0
BACKEND/controllers/event_publish_controller.go:15.64,23.2 3 0
BACKEND/controllers/event_publish_controller.go:25.35,29.47 3 0
BACKEND/controllers/event_publish_controller.go:29.47,32.3 2 0
BACKEND/controllers/event_publish_controller.go:34.2,35.16 2 0
BACKEND/controllers/event_publish_controller.go:35.16,38.3 2 0
BACKEND/controllers/event_publish_controller.go:39.2,39.84 1 0
BACKEND/controllers/event_publish_controller.go:42.37,46.47 3 0
BACKEND/controllers/event_publish_controller.go:46.47,49.3 2 0
BACKEND/controllers/event_publish_controller.go:51.2,52.16 2 0
BACKEND/controllers/event_publish_controller.go:52.16,55.3 2 0
BACKEND/controllers/event_publish_controller.go:56.2,56.78 1 0
BACKEND/controllers/event_publish_controller.go:64.38,68.47 3 0
BACKEND/controllers/event_publish_controller.go:68.47,71.3 2 0
BACKEND/controllers/event_publish_controller.go:73.2,74.47 2 0
BACKEND/controllers/event_publish_controller.go:74.47,77.3 2 0
BACKEND/controllers/event_publish_controller.go:81.2,85.16 4 0
BACKEND/controllers/event_publish_controller.go:85.16,88.17 2 0
BACKEND/controllers/event_publish_controller.go:88.17,92.4 3 0
BACKEND/controllers/event_publish_controller.go:96.2,104.16 3 0
BACKEND/controllers/event_publish_controller.go:104.16,108.3 3 0
BACKEND/controllers/event_publish_controller.go:110.2,114.4 1 0
BACKEND/controllers/featured_controller.go:16.40,43.16 4 0
BACKEND/controllers/featured_controller.go:43.16,47.3 2 0
BACKEND/controllers/featured_controller.go:49.2,49.21 1 0
BACKEND/controllers/featured_controller.go:49.21,51.3 1 0
BACKEND/controllers/featured_controller.go:53.2,53.52 1 0
BACKEND/controllers/featured_controller.go:59.45,80.16 4 0
BACKEND/controllers/featured_controller.go:80.16,83.3 2 0
BACKEND/controllers/featured_controller.go:85.2,85.21 1 0
BACKEND/controllers/featured_controller.go:85.21,87.3 1 0
BACKEND/controllers/featured_controller.go:89.2,89.52 1 0
BACKEND/controllers/featured_controller.go:95.46,116.16 4 0
BACKEND/controllers/featured_controller.go:116.16,119.3 2 0
BACKEND/controllers/featured_controller.go:121.2,121.19 1 0
BACKEND/controllers/featured_controller.go:121.19,123.3 1 0
BACKEND/controllers/featured_controller.go:125.2,125.48 1 0
BACKEND/controllers/featured_controller.go:131.44,137.47 3 0
BACKEND/controllers/featured_controller.go:137.47,140.3 2 0
BACKEND/controllers/featured_controller.go:143.2,145.17 3 0
BACKEND/controllers/featured_controller.go:145.17,148.3 2 0
BACKEND/controllers/featured_controller.go:151.2,160.16 4 0
BACKEND/controllers/featured_controller.go:160.16,163.3 2 0
BACKEND/controllers/featured_controller.go:165.2,165.68 1 0
BACKEND/controllers/featured_controller.go:171.47,175.16 3 0
BACKEND/controllers/featured_controller.go:175.16,178.3 2 0
BACKEND/controllers/featured_controller.go:181.2,186.72 2 0
BACKEND/controllers/featured_controller.go:192.49,196.47 2 0
BACKEND/controllers/featured_controller.go:196.47,199.3 2 0
BACKEND/controllers/featured_controller.go:202.2,202.33 1 0
BACKEND/controllers/featured_controller.go:202.33,204.3 1 0
BACKEND/controllers/featured_controller.go:206.2,206.58 1 0
BACKEND/controllers/featured_controller.go:212.47,218.47 3 0
BACKEND/controllers/featured_controller.go:218.47,221.3 2 0
BACKEND/controllers/featured_controller.go:223.2,226.16 3 0
BACKEND/controllers/featured_controller.go:226.16,229.3 2 0
BACKEND/controllers/featured_controller.go:231.2,231.58 1 0
BACKEND/controllers/helpers.go:8.66,18.2 3 0
BACKEND/controllers/notification_controller.go:15.41,42.16 5 1
BACKEND/controllers/notification_controller.go:42.16,46.3 3 0
BACKEND/controllers/notification_controller.go:48.2,48.26 1 1
BACKEND/controllers/notification_controller.go:48.26,50.3 1 1
BACKEND/controllers/notification_controller.go:53.2,59.4 3 1
BACKEND/controllers/notification_controller.go:65.45,74.16 4 1
BACKEND/controllers/notification_controller.go:74.16,77.3 2 0
BACKEND/controllers/notification_controller.go:79.2,79.59 1 1
BACKEND/controllers/notification_controller.go:85.49,90.16 3 1
BACKEND/controllers/notification_controller.go:90.16,93.3 2 0
BACKEND/controllers/notification_controller.go:95.2,95.77 1 1
BACKEND/controllers/notification_controller.go:101.79,107.2 2 1
BACKEND/controllers/organization_controller.go:31.40,41.15 4 0
BACKEND/controllers/organization_controller.go:41.15,44.3 2 0
BACKEND/controllers/organization_controller.go:47.2,48.47 2 0
BACKEND/controllers/organization_controller.go:48.47,51.3 2 0
BACKEND/controllers/organization_controller.go:54.2,73.16 2 0
BACKEND/controllers/organization_controller.go:73.16,76.3 2 0
BACKEND/controllers/organization_controller.go:79.2,79.12 1 0
BACKEND/controllers/organization_controller.go:79.12,94.36 5 0
BACKEND/controllers/organization_controller.go:94.36,101.4 1 0
BACKEND/controllers/organization_controller.go:105.2,107.4 1 0
BACKEND/controllers/organization_controller.go:113.45,134.16 5 0
BACKEND/controllers/organization_controller.go:134.16,141.3 2 0
BACKEND/controllers/organization_controller.go:143.2,146.4 1 0
BACKEND/controllers/organization_controller.go:159.36,164.16 4 0
BACKEND/controllers/organization_controller.go:164.16,167.3 2 0
BACKEND/controllers/organization_controller.go:170.2,172.16 3 0
BACKEND/controllers/organization_controller.go:172.16,175.3 2 0
BACKEND/controllers/organization_controller.go:177.2,178.47 2 0
BACKEND/controllers/organization_controller.go:178.47,181.3 2 0
BACKEND/controllers/organization_controller.go:183.2,193.16 4 0
BACKEND/controllers/organization_controller.go:193.16,197.3 3 0
BACKEND/controllers/organization_controller.go:199.2,202.12 2 0
BACKEND/controllers/organization_controller.go:202.12,217.36 5 0
BACKEND/controllers/organization_controller.go:217.36,224.4 1 0
BACKEND/controllers/organization_controller.go:227.2,227.86 1 0
BACKEND/controllers/organization_profile_controller.go:18.45,42.16 3 0
BACKEND/controllers/organization_profile_controller.go:42.16,45.3 2 0
BACKEND/controllers/organization_profile_controller.go:47.2,47.52 1 0
BACKEND/controllers/organization_profile_controller.go:53.45,57.35 2 0
BACKEND/controllers/organization_profile_controller.go:57.35,58.24 1 0
BACKEND/controllers/organization_profile_controller.go:59.14,60.14 1 0
BACKEND/controllers/organization_profile_controller.go:61.12,62.21 1 0
BACKEND/controllers/organization_profile_controller.go:63.16,64.21 1 0
BACKEND/controllers/organization_profile_controller.go:65.11,66.14 1 0
BACKEND/controllers/organization_profile_controller.go:71.2,79.16 4 0
BACKEND/controllers/organization_profile_controller.go:79.16,87.3 3 0
BACKEND/controllers/organization_profile_controller.go:90.2,91.51 2 0
BACKEND/controllers/organization_profile_controller.go:110.48,115.47 3 0
BACKEND/controllers/organization_profile_controller.go:115.47,118.3 2 0
BACKEND/controllers/organization_profile_controller.go:120.2,145.16 2 0
BACKEND/controllers/organization_profile_controller.go:145.16,148.3 2 0
BACKEND/controllers/organization_profile_controller.go:150.2,152.4 1 0
BACKEND/controllers/organization_profile_controller.go:158.44,164.16 4 0
BACKEND/controllers/organization_profile_controller.go:164.16,167.3 2 0
BACKEND/controllers/organization_profile_controller.go:170.2,184.16 4 0
BACKEND/controllers/organization_profile_controller.go:184.16,186.3 1 0
BACKEND/controllers/organization_profile_controller.go:188.2,206.33 6 0
BACKEND/controllers/organization_profile_controller.go:206.33,250.3 12 0
BACKEND/controllers/organization_profile_controller.go:252.2,252.19 1 0
BACKEND/controllers/organization_profile_controller.go:252.19,254.3 1 0
BACKEND/controllers/organization_profile_controller.go:257.2,275.4 3 0
BACKEND/controllers/organization_profile_controller.go:281.45,286.16 3 0
BACKEND/controllers/organization_profile_controller.go:286.16,289.3 2 0
BACKEND/controllers/organization_profile_controller.go:292.2,292.29 1 0
BACKEND/controllers/organization_profile_controller.go:292.29,295.3 2 0
BACKEND/controllers/organization_profile_controller.go:298.2,299.25 2 0
BACKEND/controllers/organization_profile_controller.go:299.25,300.72 1 0
BACKEND/controllers/organization_profile_controller.go:300.72,301.85 1 0
BACKEND/controllers/organization_profile_controller.go:301.85,303.10 2 0
BACKEND/controllers/organization_profile_controller.go:309.2,311.16 3 0
BACKEND/controllers/organization_profile_controller.go:311.16,314.3 2 0
BACKEND/controllers/organization_profile_controller.go:317.2,318.53 2 0
BACKEND/controllers/organization_profile_controller.go:318.53,321.3 2 0
BACKEND/controllers/organization_profile_controller.go:324.2,328.61 3 0
BACKEND/controllers/organization_profile_controller.go:328.61,331.3 2 0
BACKEND/controllers/organization_profile_controller.go:334.2,335.16 2 0
BACKEND/controllers/organization_profile_controller.go:335.16,338.3 2 0
BACKEND/controllers/organization_profile_controller.go:340.2,343.4 1 0
BACKEND/controllers/organization_profile_controller.go:349.37,358.16 6 0
BACKEND/controllers/organization_profile_controller.go:358.16,362.3 3 0
BACKEND/controllers/organization_profile_controller.go:364.2,368.16 4 0
BACKEND/controllers/organization_profile_controller.go:368.16,372.3 3 0
BACKEND/controllers/organization_profile_controller.go:374.2,376.25 2 0
BACKEND/controllers/organization_profile_controller.go:376.25,380.3 3 0
BACKEND/controllers/organization_profile_controller.go:383.2,461.57 12 0
BACKEND/controllers/organization_profile_controller.go:461.57,490.3 4 0
BACKEND/controllers/organization_profile_controller.go:492.2,492.22 1 0
BACKEND/controllers/organization_profile_controller.go:492.22,494.3 1 0
BACKEND/controllers/organization_profile_controller.go:497.2,499.30 3 0
BACKEND/controllers/organization_profile_controller.go:499.30,500.32 1 0
BACKEND/controllers/organization_profile_controller.go:500.32,505.4 4 0
BACKEND/controllers/organization_profile_controller.go:505.9,507.4 1 0
BACKEND/controllers/organization_profile_controller.go:510.2,520.4 1 0
BACKEND/controllers/organization_profile_controller.go:528.45,534.16 4 0
BACKEND/controllers/organization_profile_controller.go:534.16,537.3 2 0
BACKEND/controllers/organization_profile_controller.go:539.2,552.16 3 0
BACKEND/controllers/organization_profile_controller.go:552.16,562.3 2 0
BACKEND/controllers/organization_profile_controller.go:564.2,566.66 2 0
BACKEND/controllers/organization_profile_controller.go:570.42,576.16 4 0
BACKEND/controllers/organization_profile_controller.go:576.16,579.3 2 0
BACKEND/controllers/organization_profile_controller.go:581.2,589.49 2 0
BACKEND/controllers/organization_profile_controller.go:589.49,592.3 2 0
BACKEND/controllers/organization_profile_controller.go:595.2,595.26 1 0
BACKEND/controllers/organization_profile_controller.go:595.26,598.3 2 0
BACKEND/controllers/organization_profile_controller.go:601.2,611.16 3 0
BACKEND/controllers/organization_profile_controller.go:611.16,620.3 1 0
BACKEND/controllers/organization_profile_controller.go:622.2,624.37 2 0
BACKEND/controllers/organization_profile_controller.go:624.37,627.3 2 0
BACKEND/controllers/organization_profile_controller.go:630.2,638.16 2 0
BACKEND/controllers/organization_profile_controller.go:638.16,642.3 3 0
BACKEND/controllers/organization_profile_controller.go:645.2,647.59 3 0
BACKEND/controllers/organization_profile_controller.go:647.59,649.3 1 0
BACKEND/controllers/organization_profile_controller.go:651.2,663.4 3 0
BACKEND/controllers/organization_profile_controller.go:667.46,673.16 4 0
BACKEND/controllers/organization_profile_controller.go:673.16,676.3 2 0
BACKEND/controllers/organization_profile_controller.go:678.2,694.50 3 0
BACKEND/controllers/password_reset_controller.go:22.37,24.47 2 0
BACKEND/controllers/password_reset_controller.go:24.47,27.3 2 0
BACKEND/controllers/password_reset_controller.go:30.2,37.16 3 0
BACKEND/controllers/password_reset_controller.go:37.16,43.3 3 0
BACKEND/controllers/password_reset_controller.go:46.2,61.16 6 0
BACKEND/controllers/password_reset_controller.go:61.16,65.3 3 0
BACKEND/controllers/password_reset_controller.go:68.2,68.12 1 0
BACKEND/controllers/password_reset_controller.go:68.12,70.17 2 0
BACKEND/controllers/password_reset_controller.go:70.17,72.4 1 0
BACKEND/controllers/password_reset_controller.go:75.2,77.4 1 0
BACKEND/controllers/password_reset_controller.go:88.38,90.47 2 0
BACKEND/controllers/password_reset_controller.go:90.47,93.3 2 0
BACKEND/controllers/password_reset_controller.go:96.2,98.16 3 0
BACKEND/controllers/password_reset_controller.go:98.16,101.3 2 0
BACKEND/controllers/password_reset_controller.go:104.2,115.16 3 0
BACKEND/controllers/password_reset_controller.go:115.16,118.3 2 0
BACKEND/controllers/password_reset_controller.go:120.2,120.43 1 0
BACKEND/controllers/password_reset_controller.go:120.43,123.3 2 0
BACKEND/controllers/password_reset_controller.go:125.2,125.20 1 0
BACKEND/controllers/password_reset_controller.go:125.20,128.3 2 0
BACKEND/controllers/password_reset_controller.go:130.2,130.70 1 0
BACKEND/controllers/password_reset_controller.go:143.36,145.47 2 0
BACKEND/controllers/password_reset_controller.go:145.47,148.3 2 0
BACKEND/controllers/password_reset_controller.go:151.2,151.41 1 0
BACKEND/controllers/password_reset_controller.go:151.41,154.3 2 0
BACKEND/controllers/password_reset_controller.go:157.2,159.16 3 0
BACKEND/controllers/password_reset_controller.go:159.16,162.3 2 0
BACKEND/controllers/password_reset_controller.go:165.2,176.16 3 0
BACKEND/controllers/password_reset_controller.go:176.16,179.3 2 0
BACKEND/controllers/password_reset_controller.go:181.2,181.43 1 0
BACKEND/controllers/password_reset_controller.go:181.43,184.3 2 0
BACKEND/controllers/password_reset_controller.go:186.2,186.20 1 0
BACKEND/controllers/password_reset_controller.go:186.20,189.3 2 0
BACKEND/controllers/password_reset_controller.go:192.2,193.16 2 0
BACKEND/controllers/password_reset_controller.go:193.16,196.3 2 0
BACKEND/controllers/password_reset_controller.go:199.2,200.16 2 0
BACKEND/controllers/password_reset_controller.go:200.16,203.3 2 0
BACKEND/controllers/password_reset_controller.go:206.2,218.4 3 0
BACKEND/controllers/payment_controller.go:31.38,35.49 3 0
BACKEND/controllers/payment_controller.go:35.49,38.3 2 0
BACKEND/controllers/payment_controller.go:41.2,54.16 3 0
BACKEND/controllers/payment_controller.go:54.16,57.3 2 0
BACKEND/controllers/payment_controller.go:59.2,59.42 1 0
BACKEND/controllers/payment_controller.go:59.42,62.3 2 0
BACKEND/controllers/payment_controller.go:65.2,71.15 3 0
BACKEND/controllers/payment_controller.go:71.15,74.3 2 0
BACKEND/controllers/payment_controller.go:77.2,87.21 4 0
BACKEND/controllers/payment_controller.go:87.21,89.3 1 0
BACKEND/controllers/payment_controller.go:90.2,90.22 1 0
BACKEND/controllers/payment_controller.go:90.22,92.3 1 0
BACKEND/controllers/payment_controller.go:93.2,93.22 1 0
BACKEND/controllers/payment_controller.go:93.22,95.3 1 0
BACKEND/controllers/payment_controller.go:96.2,96.25 1 0
BACKEND/controllers/payment_controller.go:96.25,98.3 1 0
BACKEND/controllers/payment_controller.go:100.2,100.28 1 0
BACKEND/controllers/payment_controller.go:100.28,107.3 2 0
BACKEND/controllers/payment_controller.go:110.2,122.16 5 0
BACKEND/controllers/payment_controller.go:122.16,125.3 2 0
BACKEND/controllers/payment_controller.go:128.2,128.25 1 0
BACKEND/controllers/payment_controller.go:128.25,131.3 2 0
BACKEND/controllers/payment_controller.go:134.2,135.24 2 0
BACKEND/controllers/payment_controller.go:135.24,137.3 1 0
BACKEND/controllers/payment_controller.go:140.2,166.20 3 0
BACKEND/controllers/payment_controller.go:166.20,169.3 2 0
BACKEND/controllers/payment_controller.go:172.2,178.4 2 0
BACKEND/controllers/payment_controller.go:198.49,200.56 2 0
BACKEND/controllers/payment_controller.go:200.56,203.3 2 0
BACKEND/controllers/payment_controller.go:206.2,211.52 5 0
BACKEND/controllers/payment_controller.go:211.52,214.3 2 0
BACKEND/controllers/payment_controller.go:217.2,217.40 1 0
BACKEND/controllers/payment_controller.go:218.31,220.88 1 0
BACKEND/controllers/payment_controller.go:220.88,223.4 2 0
BACKEND/controllers/payment_controller.go:226.3,227.55 2 0
BACKEND/controllers/payment_controller.go:227.55,230.4 1 0
BACKEND/controllers/payment_controller.go:230.9,233.4 1 0
BACKEND/controllers/payment_controller.go:234.3,234.17 1 0
BACKEND/controllers/payment_controller.go:234.17,237.4 2 0
BACKEND/controllers/payment_controller.go:239.17,241.8 1 0
BACKEND/controllers/payment_controller.go:243.34,248.17 2 0
BACKEND/controllers/payment_controller.go:248.17,251.4 2 0
BACKEND/controllers/payment_controller.go:254.2,254.47 1 0
BACKEND/controllers/payment_controller.go:258.73,261.20 2 0
BACKEND/controllers/payment_controller.go:261.20,263.3 1 0
BACKEND/controllers/payment_controller.go:265.2,266.16 2 0
BACKEND/controllers/payment_controller.go:266.16,268.3 1 0
BACKEND/controllers/payment_controller.go:271.2,272.16 2 0
BACKEND/controllers/payment_controller.go:272.16,274.3 1 0
BACKEND/controllers/payment_controller.go:275.2,281.16 3 0
BACKEND/controllers/payment_controller.go:281.16,283.3 1 0
BACKEND/controllers/payment_controller.go:286.2,298.16 3 0
BACKEND/controllers/payment_controller.go:298.16,300.3 1 0
BACKEND/controllers/payment_controller.go:303.2,303.48 1 0
BACKEND/controllers/payment_controller.go:303.48,314.17 5 0
BACKEND/controllers/payment_controller.go:314.17,316.4 1 0
BACKEND/controllers/payment_controller.go:319.3,329.35 4 0
BACKEND/controllers/payment_controller.go:329.35,331.4 1 0
BACKEND/controllers/payment_controller.go:331.9,334.4 1 0
BACKEND/controllers/payment_controller.go:337.3,337.26 1 0
BACKEND/controllers/payment_controller.go:337.26,347.18 2 0
BACKEND/controllers/payment_controller.go:347.18,349.5 1 0
BACKEND/controllers/payment_controller.go:349.10,351.5 1 0
BACKEND/controllers/payment_controller.go:354.4,365.5 2 0
BACKEND/controllers/payment_controller.go:367.8,385.47 4 0
BACKEND/controllers/payment_controller.go:385.47,395.18 2 0
BACKEND/controllers/payment_controller.go:395.18,397.5 1 0
BACKEND/controllers/payment_controller.go:397.10,399.5 1 0
BACKEND/controllers/payment_controller.go:402.4,405.86 1 0
BACKEND/controllers/payment_controller.go:410.2,413.17 3 0
BACKEND/controllers/payment_controller.go:413.17,420.3 1 0
BACKEND/controllers/payment_controller.go:423.2,423.12 1 0
BACKEND/controllers/payment_controller.go:423.12,440.30 5 0
BACKEND/controllers/payment_controller.go:440.30,447.4 1 0
BACKEND/controllers/payment_controller.go:450.2,450.20 1 0
BACKEND/controllers/payment_controller.go:459.40,464.2 1 0
BACKEND/controllers/payment_controller.go:469.41,474.49 2 0
BACKEND/controllers/payment_controller.go:474.49,477.3 2 0
BACKEND/controllers/payment_controller.go:479.2,488.16 4 0
BACKEND/controllers/payment_controller.go:488.16,491.3 2 0
BACKEND/controllers/payment_controller.go:494.2,494.31 1 0
BACKEND/controllers/payment_controller.go:494.31,501.3 2 0
BACKEND/controllers/payment_controller.go:508.2,509.72 2 0
BACKEND/controllers/payment_controller.go:509.72,511.3 1 0
BACKEND/controllers/payment_controller.go:513.2,518.56 3 0
BACKEND/controllers/payment_controller.go:518.56,527.3 3 0
BACKEND/controllers/payment_controller.go:529.2,533.51 3 0
BACKEND/controllers/payment_controller.go:533.51,537.48 2 0
BACKEND/controllers/payment_controller.go:537.48,539.4 1 0
BACKEND/controllers/payment_controller.go:539.9,541.4 1 0
BACKEND/controllers/payment_controller.go:542.3,542.24 1 0
BACKEND/controllers/payment_controller.go:542.24,544.4 1 0
BACKEND/controllers/payment_controller.go:544.9,547.4 2 0
BACKEND/controllers/payment_controller.go:548.8,548.73 1 0
BACKEND/controllers/payment_controller.go:548.73,552.3 2 0
BACKEND/controllers/payment_controller.go:552.8,552.32 1 0
BACKEND/controllers/payment_controller.go:552.32,554.3 1 0
BACKEND/controllers/payment_controller.go:556.2,559.4 1 0
BACKEND/controllers/payment_controller.go:565.45,570.49 2 0
BACKEND/controllers/payment_controller.go:570.49,573.3 2 0
BACKEND/controllers/payment_controller.go:575.2,584.16 4 0
BACKEND/controllers/payment_controller.go:584.16,587.3 2 0
BACKEND/controllers/payment_controller.go:589.2,589.31 1 0
BACKEND/controllers/payment_controller.go:589.31,592.3 2 0
BACKEND/controllers/payment_controller.go:595.2,597.22 3 0
BACKEND/controllers/payment_controller.go:597.22,599.3 1 0
BACKEND/controllers/payment_controller.go:602.2,604.47 2 0
BACKEND/controllers/payment_controller.go:604.47,607.3 1 0
BACKEND/controllers/payment_controller.go:607.8,610.3 1 0
BACKEND/controllers/payment_controller.go:612.2,612.16 1 0
BACKEND/controllers/payment_controller.go:612.16,616.3 3 0
BACKEND/controllers/payment_controller.go:618.2,624.4 2 0
BACKEND/controllers/purchase_controller.go:14.33,20.16 4 0
BACKEND/controllers/purchase_controller.go:20.16,23.3 2 0
BACKEND/controllers/purchase_controller.go:26.2,32.16 4 0
BACKEND/controllers/purchase_controller.go:32.16,35.3 2 0
BACKEND/controllers/purchase_controller.go:37.2,40.48 2 0
BACKEND/controllers/purchase_controller.go:40.48,43.3 2 0
BACKEND/controllers/purchase_controller.go:46.2,52.15 3 0
BACKEND/controllers/purchase_controller.go:52.15,55.3 2 0
BACKEND/controllers/purchase_controller.go:58.2,59.15 2 0
BACKEND/controllers/purchase_controller.go:59.15,61.3 1 0
BACKEND/controllers/purchase_controller.go:63.2,68.16 2 0
BACKEND/controllers/purchase_controller.go:68.16,71.3 2 0
BACKEND/controllers/purchase_controller.go:74.2,74.12 1 0
BACKEND/controllers/purchase_controller.go:74.12,102.30 6 0
BACKEND/controllers/purchase_controller.go:102.30,109.4 1 0
BACKEND/controllers/purchase_controller.go:112.2,116.4 1 0
BACKEND/controllers/purchase_controller.go:122.34,147.16 4 0
BACKEND/controllers/purchase_controller.go:147.16,150.3 2 0
BACKEND/controllers/purchase_controller.go:152.2,152.44 1 0
BACKEND/controllers/purchase_controller.go:158.43,164.16 4 0
BACKEND/controllers/purchase_controller.go:164.16,167.3 2 0
BACKEND/controllers/purchase_controller.go:170.2,172.16 3 0
BACKEND/controllers/purchase_controller.go:172.16,175.3 2 0
BACKEND/controllers/purchase_controller.go:178.2,184.16 3 0
BACKEND/controllers/purchase_controller.go:184.16,187.3 2 0
BACKEND/controllers/purchase_controller.go:190.2,196.4 2 0
BACKEND/controllers/quiz_controller.go:20.45,25.63 3 0
BACKEND/controllers/quiz_controller.go:25.63,28.3 2 0
BACKEND/controllers/quiz_controller.go:30.2,43.16 3 0
BACKEND/controllers/quiz_controller.go:43.16,54.3 2 0
BACKEND/controllers/quiz_controller.go:56.2,56.52 1 0
BACKEND/controllers/quiz_controller.go:60.48,64.63 3 0
BACKEND/controllers/quiz_controller.go:64.63,67.3 2 0
BACKEND/controllers/quiz_controller.go:69.2,74.49 2 0
BACKEND/controllers/quiz_controller.go:74.49,77.3 2 0
BACKEND/controllers/quiz_controller.go:79.2,79.62 1 0
BACKEND/controllers/quiz_controller.go:79.62,81.3 1 0
BACKEND/controllers/quiz_controller.go:84.2,92.16 2 0
BACKEND/controllers/quiz_controller.go:92.16,95.3 2 0
BACKEND/controllers/quiz_controller.go:97.2,97.59 1 0
BACKEND/controllers/quiz_controller.go:105.37,112.47 5 0
BACKEND/controllers/quiz_controller.go:112.47,115.3 2 0
BACKEND/controllers/quiz_controller.go:117.2,125.16 3 0
BACKEND/controllers/quiz_controller.go:125.16,128.3 2 0
BACKEND/controllers/quiz_controller.go:130.2,142.68 3 0
BACKEND/controllers/quiz_controller.go:146.38,154.16 6 0
BACKEND/controllers/quiz_controller.go:154.16,158.3 3 0
BACKEND/controllers/quiz_controller.go:160.2,162.47 2 0
BACKEND/controllers/quiz_controller.go:162.47,166.3 3 0
BACKEND/controllers/quiz_controller.go:168.2,180.49 2 0
BACKEND/controllers/quiz_controller.go:180.49,183.3 2 0
BACKEND/controllers/quiz_controller.go:185.2,185.31 1 0
BACKEND/controllers/quiz_controller.go:185.31,188.3 2 0
BACKEND/controllers/quiz_controller.go:191.2,197.16 2 0
BACKEND/controllers/quiz_controller.go:197.16,200.3 2 0
BACKEND/controllers/quiz_controller.go:203.2,205.17 3 0
BACKEND/controllers/quiz_controller.go:205.17,207.3 1 0
BACKEND/controllers/quiz_controller.go:210.2,212.36 2 0
BACKEND/controllers/quiz_controller.go:212.36,217.3 1 0
BACKEND/controllers/quiz_controller.go:219.2,219.74 1 0
BACKEND/controllers/quiz_controller.go:223.40,229.47 5 0
BACKEND/controllers/quiz_controller.go:229.47,232.3 2 0
BACKEND/controllers/quiz_controller.go:234.2,235.57 2 0
BACKEND/controllers/quiz_controller.go:243.43,260.23 5 0
BACKEND/controllers/quiz_controller.go:260.23,268.3 2 0
BACKEND/controllers/quiz_controller.go:271.2,275.28 4 0
BACKEND/controllers/quiz_controller.go:275.28,287.17 4 0
BACKEND/controllers/quiz_controller.go:287.17,290.4 2 0
BACKEND/controllers/quiz_controller.go:292.3,301.5 1 0
BACKEND/controllers/quiz_controller.go:305.2,307.19 3 0
BACKEND/controllers/quiz_controller.go:307.19,309.3 1 0
BACKEND/controllers/quiz_controller.go:311.2,317.4 1 0
BACKEND/controllers/quiz_controller.go:321.37,328.20 5 0
BACKEND/controllers/quiz_controller.go:328.20,331.3 2 0
BACKEND/controllers/quiz_controller.go:333.2,338.16 3 0
BACKEND/controllers/quiz_controller.go:338.16,341.3 2 0
BACKEND/controllers/quiz_controller.go:343.2,357.68 3 0
BACKEND/controllers/quiz_controller.go:361.33,370.49 5 0
BACKEND/controllers/quiz_controller.go:370.49,374.3 3 0
BACKEND/controllers/quiz_controller.go:376.2,381.16 4 0
BACKEND/controllers/quiz_controller.go:381.16,385.3 3 0
BACKEND/controllers/quiz_controller.go:387.2,396.25 4 0
BACKEND/controllers/quiz_controller.go:396.25,400.3 3 0
BACKEND/controllers/quiz_controller.go:402.2,406.30 3 0
BACKEND/controllers/quiz_controller.go:406.30,407.63 1 0
BACKEND/controllers/quiz_controller.go:407.63,409.33 2 0
BACKEND/controllers/quiz_controller.go:409.33,411.5 1 0
BACKEND/controllers/quiz_controller.go:415.2,429.20 6 0
BACKEND/controllers/quiz_controller.go:429.20,433.3 3 0
BACKEND/controllers/quiz_controller.go:435.2,444.4 3 0
BACKEND/controllers/quiz_controller.go:452.41,468.16 5 0
BACKEND/controllers/quiz_controller.go:468.16,491.3 6 0
BACKEND/controllers/quiz_controller.go:494.2,503.23 3 0
BACKEND/controllers/quiz_controller.go:503.23,506.3 2 0
BACKEND/controllers/quiz_controller.go:509.2,512.28 3 0
BACKEND/controllers/quiz_controller.go:512.28,519.3 3 0
BACKEND/controllers/quiz_controller.go:522.2,524.19 3 0
BACKEND/controllers/quiz_controller.go:524.19,526.3 1 0
BACKEND/controllers/quiz_controller.go:528.2,528.36 1 0
BACKEND/controllers/quiz_controller.go:528.36,536.3 2 0
BACKEND/controllers/quiz_controller.go:539.2,569.4 7 0
BACKEND/controllers/quiz_controller.go:573.37,576.2 2 0
BACKEND/controllers/quiz_controller.go:578.32,582.2 3 0
BACKEND/controllers/report_controller.go:16.35,19.43 2 1
BACKEND/controllers/report_controller.go:19.43,20.42 1 1
BACKEND/controllers/report_controller.go:20.42,22.4 1 1
BACKEND/controllers/report_controller.go:25.2,29.40 4 1
BACKEND/controllers/report_controller.go:29.40,32.3 2 1
BACKEND/controllers/report_controller.go:35.2,36.50 2 1
BACKEND/controllers/report_controller.go:36.50,40.61 4 0
BACKEND/controllers/report_controller.go:40.61,42.4 1 0
BACKEND/controllers/report_controller.go:45.2,50.16 2 1
BACKEND/controllers/report_controller.go:50.16,54.3 3 0
BACKEND/controllers/report_controller.go:57.2,57.12 1 1
BACKEND/controllers/report_controller.go:57.12,65.36 3 1
BACKEND/controllers/report_controller.go:65.36,67.4 1 0
BACKEND/controllers/report_controller.go:70.2,70.74 1 1
BACKEND/controllers/report_controller.go:74.33,97.16 3 1
BACKEND/controllers/report_controller.go:97.16,100.3 2 0
BACKEND/controllers/report_controller.go:102.2,102.40 1 1
BACKEND/controllers/report_controller.go:106.41,113.49 3 1
BACKEND/controllers/report_controller.go:113.49,116.3 2 1
BACKEND/controllers/report_controller.go:118.2,122.16 2 1
BACKEND/controllers/report_controller.go:122.16,125.3 2 0
BACKEND/controllers/report_controller.go:127.2,127.49 1 1
BACKEND/controllers/session_controller.go:13.56,21.2 3 0
BACKEND/controllers/session_controller.go:33.36,36.16 3 0
BACKEND/controllers/session_controller.go:36.16,39.3 2 0
BACKEND/controllers/session_controller.go:41.2,52.30 5 0
BACKEND/controllers/session_controller.go:52.30,55.3 2 0
BACKEND/controllers/session_controller.go:57.2,58.49 2 0
BACKEND/controllers/session_controller.go:58.49,61.3 2 0
BACKEND/controllers/session_controller.go:63.2,65.16 3 0
BACKEND/controllers/session_controller.go:65.16,68.3 2 0
BACKEND/controllers/session_controller.go:70.2,70.69 1 0
BACKEND/controllers/session_controller.go:76.36,90.16 7 0
BACKEND/controllers/session_controller.go:90.16,93.3 2 0
BACKEND/controllers/session_controller.go:96.2,102.33 6 0
BACKEND/controllers/session_controller.go:102.33,103.17 1 0
BACKEND/controllers/session_controller.go:103.17,103.36 1 0
BACKEND/controllers/session_controller.go:108.2,109.16 2 0
BACKEND/controllers/session_controller.go:109.16,112.3 2 0
BACKEND/controllers/session_controller.go:113.2,114.16 2 0
BACKEND/controllers/session_controller.go:114.16,117.3 2 0
BACKEND/controllers/session_controller.go:119.2,123.16 3 0
BACKEND/controllers/session_controller.go:123.16,126.3 2 0
BACKEND/controllers/session_controller.go:128.2,128.80 1 0
BACKEND/controllers/session_media_controller.go:22.41,27.63 4 0
BACKEND/controllers/session_media_controller.go:27.63,30.3 2 0
BACKEND/controllers/session_media_controller.go:32.2,32.49 1 0
BACKEND/controllers/session_media_controller.go:32.49,35.3 2 0
BACKEND/controllers/session_media_controller.go:37.2,38.16 2 0
BACKEND/controllers/session_media_controller.go:38.16,41.3 2 0
BACKEND/controllers/session_media_controller.go:42.2,48.22 5 0
BACKEND/controllers/session_media_controller.go:48.22,50.3 1 0
BACKEND/controllers/session_media_controller.go:52.2,59.16 6 0
BACKEND/controllers/session_media_controller.go:59.16,62.3 2 0
BACKEND/controllers/session_media_controller.go:63.2,74.16 6 0
BACKEND/controllers/session_media_controller.go:74.16,78.3 3 0
BACKEND/controllers/session_media_controller.go:80.2,80.72 1 0
BACKEND/controllers/session_media_controller.go:86.40,91.65 4 0
BACKEND/controllers/session_media_controller.go:91.65,94.3 2 0
BACKEND/controllers/session_media_controller.go:96.2,96.49 1 0
BACKEND/controllers/session_media_controller.go:96.49,99.3 2 0
BACKEND/controllers/session_media_controller.go:101.2,102.16 2 0
BACKEND/controllers/session_media_controller.go:102.16,105.3 2 0
BACKEND/controllers/session_media_controller.go:107.2,108.13 2 0
BACKEND/controllers/session_media_controller.go:109.48,109.48 0 0
BACKEND/controllers/session_media_controller.go:110.10,112.9 2 0
BACKEND/controllers/session_media_controller.go:115.2,119.22 4 0
BACKEND/controllers/session_media_controller.go:119.22,121.3 1 0
BACKEND/controllers/session_media_controller.go:123.2,128.55 4 0
BACKEND/controllers/session_media_controller.go:128.55,131.3 2 0
BACKEND/controllers/session_media_controller.go:133.2,141.16 4 0
BACKEND/controllers/session_media_controller.go:141.16,144.3 2 0
BACKEND/controllers/session_media_controller.go:146.2,146.85 1 0
BACKEND/controllers/session_media_controller.go:152.41,161.49 7 0
BACKEND/controllers/session_media_controller.go:161.49,164.3 2 0
BACKEND/controllers/session_media_controller.go:166.2,170.49 2 0
BACKEND/controllers/session_media_controller.go:170.49,173.3 2 0
BACKEND/controllers/session_media_controller.go:175.2,178.16 2 0
BACKEND/controllers/session_media_controller.go:178.16,181.3 2 0
BACKEND/controllers/session_media_controller.go:182.2,182.63 1 0
BACKEND/controllers/session_media_controller.go:188.40,197.49 7 0
BACKEND/controllers/session_media_controller.go:197.49,200.3 2 0
BACKEND/controllers/session_media_controller.go:202.2,206.49 2 0
BACKEND/controllers/session_media_controller.go:206.49,209.3 2 0
BACKEND/controllers/session_media_controller.go:211.2,214.16 2 0
BACKEND/controllers/session_media_controller.go:214.16,217.3 2 0
BACKEND/controllers/session_media_controller.go:218.2,218.62 1 0
BACKEND/controllers/session_media_controller.go:224.41,233.49 7 0
BACKEND/controllers/session_media_controller.go:233.49,236.3 2 0
BACKEND/controllers/session_media_controller.go:239.2,241.16 3 0
BACKEND/controllers/session_media_controller.go:241.16,244.3 2 0
BACKEND/controllers/session_media_controller.go:247.2,247.21 1 0
BACKEND/controllers/session_media_controller.go:247.21,249.3 1 0
BACKEND/controllers/session_media_controller.go:252.2,253.16 2 0
BACKEND/controllers/session_media_controller.go:253.16,256.3 2 0
BACKEND/controllers/session_media_controller.go:258.2,258.67 1 0
BACKEND/controllers/session_media_controller.go:264.40,273.49 7 0
BACKEND/controllers/session_media_controller.go:273.49,276.3 2 0
BACKEND/controllers/session_media_controller.go:279.2,281.16 3 0
BACKEND/controllers/session_media_controller.go:281.16,284.3 2 0
BACKEND/controllers/session_media_controller.go:287.2,287.20 1 0
BACKEND/controllers/session_media_controller.go:287.20,289.3 1 0
BACKEND/controllers/session_media_controller.go:292.2,293.16 2 0
BACKEND/controllers/session_media_controller.go:293.16,296.3 2 0
BACKEND/controllers/session_media_controller.go:298.2,298.66 1 0
BACKEND/controllers/session_media_controller.go:303.38,308.49 5 0
BACKEND/controllers/session_media_controller.go:308.49,311.3 2 0
BACKEND/controllers/session_media_controller.go:312.2,314.19 3 0
BACKEND/controllers/session_media_controller.go:314.19,316.3 1 0
BACKEND/controllers/session_media_controller.go:317.2,319.18 3 0
BACKEND/controllers/session_media_controller.go:319.18,321.3 1 0
BACKEND/controllers/session_media_controller.go:322.2,322.54 1 0
BACKEND/controllers/session_media_controller.go:325.42,332.16 7 0
BACKEND/controllers/session_media_controller.go:332.16,335.3 2 0
BACKEND/controllers/session_media_controller.go:336.2,338.27 3 0
BACKEND/controllers/session_media_controller.go:338.27,341.3 2 0
BACKEND/controllers/session_media_controller.go:342.2,344.19 3 0
BACKEND/controllers/session_media_controller.go:344.19,346.3 1 0
BACKEND/controllers/session_media_controller.go:347.2,349.18 3 0
BACKEND/controllers/session_media_controller.go:349.18,351.3 1 0
BACKEND/controllers/session_media_controller.go:352.2,352.79 1 0
BACKEND/controllers/session_publish_controller.go:13.68,17.2 3 0
BACKEND/controllers/session_publish_controller.go:19.37,23.51 3 0
BACKEND/controllers/session_publish_controller.go:23.51,26.3 2 0
BACKEND/controllers/session_publish_controller.go:28.2,29.16 2 0
BACKEND/controllers/session_publish_controller.go:29.16,32.3 2 0
BACKEND/controllers/session_publish_controller.go:33.2,33.86 1 0
BACKEND/controllers/session_publish_controller.go:36.39,40.51 3 0
BACKEND/controllers/session_publish_controller.go:40.51,43.3 2 0
BACKEND/controllers/session_publish_controller.go:45.2,46.16 2 0
BACKEND/controllers/session_publish_controller.go:46.16,49.3 2 0
BACKEND/controllers/session_publish_controller.go:50.2,50.80 1 0
BACKEND/controllers/session_publish_controller.go:53.45,57.51 3 0
BACKEND/controllers/session_publish_controller.go:57.51,60.3 2 0
BACKEND/controllers/session_publish_controller.go:62.2,65.47 2 0
BACKEND/controllers/session_publish_controller.go:65.47,68.3 2 0
BACKEND/controllers/session_publish_controller.go:71.2,72.16 2 0
BACKEND/controllers/session_publish_controller.go:72.16,74.17 2 0
BACKEND/controllers/session_publish_controller.go:74.17,78.4 3 0
BACKEND/controllers/session_publish_controller.go:80.2,83.16 3 0
BACKEND/controllers/session_publish_controller.go:83.16,87.3 3 0
BACKEND/controllers/session_publish_controller.go:88.2,88.115 1 0
BACKEND/controllers/session_stream_controller.go:20.41,32.29 9 0
BACKEND/controllers/session_stream_controller.go:32.29,36.3 3 0
BACKEND/controllers/session_stream_controller.go:39.2,40.64 2 0
BACKEND/controllers/session_stream_controller.go:40.64,44.3 3 0
BACKEND/controllers/session_stream_controller.go:47.2,53.16 3 0
BACKEND/controllers/session_stream_controller.go:53.16,57.3 3 0
BACKEND/controllers/session_stream_controller.go:60.2,65.16 3 0
BACKEND/controllers/session_stream_controller.go:65.16,69.3 3 0
BACKEND/controllers/session_stream_controller.go:72.2,75.53 3 0
BACKEND/controllers/session_stream_controller.go:75.53,80.3 3 0
BACKEND/controllers/session_stream_controller.go:83.2,84.47 2 0
BACKEND/controllers/session_stream_controller.go:90.40,100.29 8 0
BACKEND/controllers/session_stream_controller.go:100.29,103.3 2 0
BACKEND/controllers/session_stream_controller.go:105.2,106.64 2 0
BACKEND/controllers/session_stream_controller.go:106.64,109.3 2 0
BACKEND/controllers/session_stream_controller.go:111.2,116.16 3 0
BACKEND/controllers/session_stream_controller.go:116.16,120.3 3 0
BACKEND/controllers/session_stream_controller.go:122.2,127.16 3 0
BACKEND/controllers/session_stream_controller.go:127.16,130.3 2 0
BACKEND/controllers/session_stream_controller.go:132.2,133.53 2 0
BACKEND/controllers/session_stream_controller.go:133.53,137.3 3 0
BACKEND/controllers/session_stream_controller.go:139.2,140.47 2 0
BACKEND/controllers/signed_url_controller.go:9.40,21.2 5 0
BACKEND/controllers/signed_url_controller.go:23.39,33.2 5 0
BACKEND/controllers/user_controller.go:17.28,20.35 2 1
BACKEND/controllers/user_controller.go:20.35,21.24 1 1
BACKEND/controllers/user_controller.go:22.14,23.14 1 1
BACKEND/controllers/user_controller.go:24.12,25.21 1 0
BACKEND/controllers/user_controller.go:26.16,27.21 1 0
BACKEND/controllers/user_controller.go:28.11,29.14 1 0
BACKEND/controllers/user_controller.go:33.2,49.16 5 1
BACKEND/controllers/user_controller.go:49.16,51.3 1 1
BACKEND/controllers/user_controller.go:54.2,54.14 1 1
BACKEND/controllers/user_controller.go:54.14,62.17 2 1
BACKEND/controllers/user_controller.go:62.17,65.4 2 0
BACKEND/controllers/user_controller.go:69.2,69.14 1 1
BACKEND/controllers/user_controller.go:69.14,77.17 2 1
BACKEND/controllers/user_controller.go:77.17,80.4 2 0
BACKEND/controllers/user_controller.go:84.2,84.14 1 1
BACKEND/controllers/user_controller.go:84.14,91.17 2 1
BACKEND/controllers/user_controller.go:91.17,95.4 3 0
BACKEND/controllers/user_controller.go:99.2,99.14 1 1
BACKEND/controllers/user_controller.go:99.14,104.17 2 1
BACKEND/controllers/user_controller.go:104.17,110.4 5 0
BACKEND/controllers/user_controller.go:113.2,113.14 1 1
BACKEND/controllers/user_controller.go:113.14,116.3 2 1
BACKEND/controllers/user_controller.go:118.2,118.44 1 1
BACKEND/controllers/user_controller.go:136.31,139.35 2 1
BACKEND/controllers/user_controller.go:139.35,140.24 1 1
BACKEND/controllers/user_controller.go:141.14,142.14 1 1
BACKEND/controllers/user_controller.go:143.12,144.21 1 0
BACKEND/controllers/user_controller.go:145.16,146.21 1 0
BACKEND/controllers/user_controller.go:147.11,148.14 1 0
BACKEND/controllers/user_controller.go:152.2,152.17 1 1
BACKEND/controllers/user_controller.go:152.17,155.3 2 0
BACKEND/controllers/user_controller.go:157.2,158.47 2 1
BACKEND/controllers/user_controller.go:158.47,161.3 2 1
BACKEND/controllers/user_controller.go:164.2,180.16 6 1
BACKEND/controllers/user_controller.go:180.16,183.3 2 0
BACKEND/controllers/user_controller.go:183.8,185.3 1 1
BACKEND/controllers/user_controller.go:188.2,188.14 1 1
BACKEND/controllers/user_controller.go:188.14,195.17 2 1
BACKEND/controllers/user_controller.go:195.17,198.4 2 1
BACKEND/controllers/user_controller.go:198.9,200.4 1 0
BACKEND/controllers/user_controller.go:204.2,204.14 1 1
BACKEND/controllers/user_controller.go:204.14,211.17 2 0
BACKEND/controllers/user_controller.go:211.17,214.4 2 0
BACKEND/controllers/user_controller.go:214.9,216.4 1 0
BACKEND/controllers/user_controller.go:220.2,220.14 1 1
BACKEND/controllers/user_controller.go:220.14,227.17 2 0
BACKEND/controllers/user_controller.go:227.17,230.4 2 0
BACKEND/controllers/user_controller.go:230.9,232.4 1 0
BACKEND/controllers/user_controller.go:236.2,236.14 1 1
BACKEND/controllers/user_controller.go:236.14,243.17 2 0
BACKEND/controllers/user_controller.go:243.17,246.4 2 0
BACKEND/controllers/user_controller.go:246.9,248.4 1 0
BACKEND/controllers/user_controller.go:251.2,251.14 1 1
BACKEND/controllers/user_controller.go:251.14,255.3 3 0
BACKEND/controllers/user_controller.go:257.2,258.73 2 1
BACKEND/controllers/user_controller.go:264.34,292.16 5 1
BACKEND/controllers/user_controller.go:292.16,296.3 3 0
BACKEND/controllers/user_controller.go:299.2,313.26 5 1
BACKEND/controllers/user_controller.go:313.26,316.31 2 1
BACKEND/controllers/user_controller.go:316.31,317.25 1 1
BACKEND/controllers/user_controller.go:317.25,319.5 1 1
BACKEND/controllers/user_controller.go:323.3,326.5 1 1
BACKEND/controllers/user_controller.go:329.2,329.47 1 1
BACKEND/controllers/user_controller.go:335.34,367.16 5 1
BACKEND/controllers/user_controller.go:367.16,370.3 2 1
BACKEND/controllers/user_controller.go:373.2,384.26 5 1
BACKEND/controllers/user_controller.go:384.26,386.3 1 1
BACKEND/controllers/user_controller.go:389.2,410.25 4 1
BACKEND/controllers/user_controller.go:410.25,412.3 1 1
BACKEND/controllers/user_controller.go:415.2,417.30 3 1
BACKEND/controllers/user_controller.go:417.30,418.46 1 1
BACKEND/controllers/user_controller.go:418.46,420.9 2 0
BACKEND/controllers/user_controller.go:424.2,424.17 1 1
BACKEND/controllers/user_controller.go:424.17,451.17 4 0
BACKEND/controllers/user_controller.go:451.17,473.24 4 0
BACKEND/controllers/user_controller.go:473.24,475.5 1 0
BACKEND/controllers/user_controller.go:477.4,487.5 1 0
BACKEND/controllers/user_controller.go:491.2,508.4 1 1
BACKEND/controllers/user_controller.go:522.40,526.35 3 1
BACKEND/controllers/user_controller.go:526.35,529.3 2 1
BACKEND/controllers/user_controller.go:531.2,537.16 2 1
BACKEND/controllers/user_controller.go:537.16,540.3 2 0
BACKEND/controllers/user_controller.go:543.2,543.12 1 1
BACKEND/controllers/user_controller.go:543.12,546.17 3 1
BACKEND/controllers/user_controller.go:546.17,548.24 2 1
BACKEND/controllers/user_controller.go:548.24,550.5 1 1
BACKEND/controllers/user_controller.go:551.4,556.5 1 1
BACKEND/controllers/user_controller.go:560.2,560.70 1 1
BACKEND/controllers/user_controller.go:566.33,572.31 4 1
BACKEND/controllers/user_controller.go:572.31,575.3 2 1
BACKEND/controllers/user_controller.go:579.2,607.16 13 1
BACKEND/controllers/user_controller.go:607.16,611.3 3 0
BACKEND/controllers/user_controller.go:613.2,613.70 1 1
BACKEND/controllers/user_controller.go:628.40,631.47 2 0
BACKEND/controllers/user_controller.go:631.47,634.3 2 0
BACKEND/controllers/user_controller.go:637.2,639.15 3 0
BACKEND/controllers/user_controller.go:639.15,642.3 2 0
BACKEND/controllers/user_controller.go:645.2,646.16 2 0
BACKEND/controllers/user_controller.go:646.16,649.3 2 0
BACKEND/controllers/user_controller.go:652.2,653.25 2 0
BACKEND/controllers/user_controller.go:653.25,655.22 2 0
BACKEND/controllers/user_controller.go:655.22,657.4 1 0
BACKEND/controllers/user_controller.go:661.2,666.16 2 0
BACKEND/controllers/user_controller.go:666.16,669.3 2 0
BACKEND/controllers/user_controller.go:671.2,675.18 3 0
BACKEND/controllers/user_controller.go:676.15,677.13 1 0
BACKEND/controllers/user_controller.go:678.22,679.13 1 0
BACKEND/controllers/user_controller.go:680.10,681.13 1 0
BACKEND/controllers/user_controller.go:685.2,690.16 2 0
BACKEND/controllers/user_controller.go:690.16,693.3 2 0
BACKEND/controllers/user_controller.go:696.2,696.32 1 0
BACKEND/controllers/user_controller.go:696.32,698.20 2 0
BACKEND/controllers/user_controller.go:698.20,700.4 1 0
BACKEND/controllers/user_controller.go:701.3,705.17 2 0
BACKEND/controllers/user_controller.go:705.17,708.4 1 0
BACKEND/controllers/user_controller.go:711.2,715.4 1 0
BACKEND/controllers/user_controller.go:726.34,735.50 5 0
BACKEND/controllers/user_controller.go:735.50,738.3 2 0
BACKEND/controllers/user_controller.go:741.2,745.27 3 0
BACKEND/controllers/user_controller.go:745.27,748.3 2 0
BACKEND/controllers/user_controller.go:751.2,751.53 1 0
BACKEND/controllers/user_controller.go:751.53,754.3 2 0
BACKEND/controllers/user_controller.go:756.2,757.47 2 0
BACKEND/controllers/user_controller.go:757.47,760.3 2 0
BACKEND/controllers/user_controller.go:763.2,763.74 1 0
BACKEND/controllers/user_controller.go:763.74,766.3 2 0
BACKEND/controllers/user_controller.go:769.2,774.21 5 0
BACKEND/controllers/user_controller.go:774.21,776.3 1 0
BACKEND/controllers/user_controller.go:777.2,777.20 1 0
BACKEND/controllers/user_controller.go:777.20,779.3 1 0
BACKEND/controllers/user_controller.go:780.2,780.22 1 0
BACKEND/controllers/user_controller.go:780.22,782.3 1 0
BACKEND/controllers/user_controller.go:785.2,791.18 4 0
BACKEND/controllers/user_controller.go:792.15,795.25 3 0
BACKEND/controllers/user_controller.go:795.25,797.4 1 0
BACKEND/controllers/user_controller.go:798.22,799.24 1 0
BACKEND/controllers/user_controller.go:800.10,801.25 1 0
BACKEND/controllers/user_controller.go:805.2,806.16 2 0
BACKEND/controllers/user_controller.go:806.16,809.3 2 0
BACKEND/controllers/user_controller.go:812.2,815.32 2 0
BACKEND/controllers/user_controller.go:815.32,818.17 3 0
BACKEND/controllers/user_controller.go:818.17,821.4 1 0
BACKEND/controllers/user_controller.go:824.2,827.4 1 0
BACKEND/controllers/user_controller.go:833.38,836.2 1 0
BACKEND/controllers/user_history_controller.go:14.40,38.16 5 0
BACKEND/controllers/user_history_controller.go:38.16,42.3 3 0
BACKEND/controllers/user_history_controller.go:44.2,44.25 1 0
BACKEND/controllers/user_history_controller.go:44.25,46.3 1 0
BACKEND/controllers/user_history_controller.go:48.2,48.60 1 0
BACKEND/controllers/user_history_controller.go:54.36,83.16 5 0
BACKEND/controllers/user_history_controller.go:83.16,87.3 3 0
BACKEND/controllers/user_history_controller.go:89.2,89.21 1 0
BACKEND/controllers/user_history_controller.go:89.21,91.3 1 0
BACKEND/controllers/user_history_controller.go:93.2,93.52 1 0
BACKEND/controllers/user_history_controller.go:99.36,109.16 5 0
BACKEND/controllers/user_history_controller.go:109.16,112.3 2 0
BACKEND/controllers/user_history_controller.go:114.2,114.25 1 0
BACKEND/controllers/user_history_controller.go:114.25,117.3 2 0
BACKEND/controllers/user_history_controller.go:120.2,124.16 2 0
BACKEND/controllers/user_history_controller.go:124.16,127.3 2 0
BACKEND/controllers/user_history_controller.go:129.2,129.75 1 0
BACKEND/controllers/user_password_controller.go:21.37,25.47 3 0
BACKEND/controllers/user_password_controller.go:25.47,28.3 2 0
BACKEND/controllers/user_password_controller.go:31.2,35.16 3 0
BACKEND/controllers/user_password_controller.go:35.16,38.3 2 0
BACKEND/controllers/user_password_controller.go:41.2,41.89 1 0
BACKEND/controllers/user_password_controller.go:41.89,44.3 2 0
BACKEND/controllers/user_password_controller.go:47.2,54.16 3 0
BACKEND/controllers/user_password_controller.go:54.16,57.3 2 0
BACKEND/controllers/user_password_controller.go:59.2,59.74 1 0
BACKEND/controllers/user_upload_controller.go:18.41,23.16 3 0
BACKEND/controllers/user_upload_controller.go:23.16,26.3 2 0
BACKEND/controllers/user_upload_controller.go:29.2,30.72 2 0
BACKEND/controllers/user_upload_controller.go:30.72,33.3 2 0
BACKEND/controllers/user_upload_controller.go:36.2,42.61 3 0
BACKEND/controllers/user_upload_controller.go:42.61,45.3 2 0
BACKEND/controllers/user_upload_controller.go:48.2,52.16 2 0
BACKEND/controllers/user_upload_controller.go:52.16,55.3 2 0
BACKEND/controllers/user_upload_controller.go:57.2,60.4 1 0
BACKEND/controllers/video_stream_controller.go:12.34,18.16 4 0
BACKEND/controllers/video_stream_controller.go:18.16,21.3 2 0
BACKEND/controllers/video_stream_controller.go:23.2,29.72 5 0
BACKEND/controllers/withdrawal_controller.go:21.43,30.16 4 0
BACKEND/controllers/withdrawal_controller.go:30.16,34.3 3 0
BACKEND/controllers/withdrawal_controller.go:37.2,51.49 5 0
BACKEND/controllers/withdrawal_controller.go:51.49,54.3 2 0
BACKEND/controllers/withdrawal_controller.go:57.2,57.23 1 0
BACKEND/controllers/withdrawal_controller.go:57.23,60.3 2 0
BACKEND/controllers/withdrawal_controller.go:61.2,61.28 1 0
BACKEND/controllers/withdrawal_controller.go:61.28,64.3 2 0
BACKEND/controllers/withdrawal_controller.go:67.2,76.21 3 0
BACKEND/controllers/withdrawal_controller.go:76.21,79.3 2 0
BACKEND/controllers/withdrawal_controller.go:82.2,90.24 3 0
BACKEND/controllers/withdrawal_controller.go:90.24,93.3 2 0
BACKEND/controllers/withdrawal_controller.go:96.2,100.16 2 0
BACKEND/controllers/withdrawal_controller.go:100.16,103.3 2 0
BACKEND/controllers/withdrawal_controller.go:106.2,113.35 3 0
BACKEND/controllers/withdrawal_controller.go:113.35,120.3 1 0
BACKEND/controllers/withdrawal_controller.go:122.2,122.112 1 0
BACKEND/controllers/withdrawal_controller.go:127.49,143.16 5 0
BACKEND/controllers/withdrawal_controller.go:143.16,151.3 1 0
BACKEND/controllers/withdrawal_controller.go:151.8,153.3 1 0
BACKEND/controllers/withdrawal_controller.go:155.2,164.49 3 0
BACKEND/controllers/withdrawal_controller.go:164.49,167.3 2 0
BACKEND/controllers/withdrawal_controller.go:170.2,170.23 1 0
BACKEND/controllers/withdrawal_controller.go:170.23,173.3 2 0
BACKEND/controllers/withdrawal_controller.go:174.2,174.37 1 0
BACKEND/controllers/withdrawal_controller.go:174.37,177.3 2 0
BACKEND/controllers/withdrawal_controller.go:180.2,189.21 3 0
BACKEND/controllers/withdrawal_controller.go:189.21,192.3 2 0
BACKEND/controllers/withdrawal_controller.go:195.2,203.24 3 0
BACKEND/controllers/withdrawal_controller.go:203.24,206.3 2 0
BACKEND/controllers/withdrawal_controller.go:209.2,213.16 2 0
BACKEND/controllers/withdrawal_controller.go:213.16,216.3 2 0
BACKEND/controllers/withdrawal_controller.go:219.2,228.35 5 0
BACKEND/controllers/withdrawal_controller.go:228.35,235.3 1 0
BACKEND/controllers/withdrawal_controller.go:237.2,237.112 1 0
BACKEND/controllers/withdrawal_controller.go:242.46,260.37 4 0
BACKEND/controllers/withdrawal_controller.go:260.37,269.3 3 0
BACKEND/controllers/withdrawal_controller.go:269.8,276.3 1 0
BACKEND/controllers/withdrawal_controller.go:278.2,278.21 1 0
BACKEND/controllers/withdrawal_controller.go:278.21,292.3 1 0
BACKEND/controllers/withdrawal_controller.go:294.2,294.33 1 0
BACKEND/controllers/withdrawal_controller.go:303.47,332.24 4 0
BACKEND/controllers/withdrawal_controller.go:332.24,336.3 3 0
BACKEND/controllers/withdrawal_controller.go:336.8,339.3 2 0
BACKEND/controllers/withdrawal_controller.go:341.2,341.21 1 0
BACKEND/controllers/withdrawal_controller.go:341.21,357.3 1 0
BACKEND/controllers/withdrawal_controller.go:359.2,359.33 1 0
BACKEND/controllers/withdrawal_controller.go:364.47,382.16 7 0
BACKEND/controllers/withdrawal_controller.go:382.16,385.3 2 0
BACKEND/controllers/withdrawal_controller.go:387.2,387.33 1 0
BACKEND/controllers/withdrawal_controller.go:387.33,390.3 2 0
BACKEND/controllers/withdrawal_controller.go:392.2,395.45 2 0
BACKEND/controllers/withdrawal_controller.go:395.45,402.3 1 0
BACKEND/controllers/withdrawal_controller.go:402.8,409.3 1 0
BACKEND/controllers/withdrawal_controller.go:410.2,410.16 1 0
BACKEND/controllers/withdrawal_controller.go:410.16,414.3 3 0
BACKEND/controllers/withdrawal_controller.go:417.2,422.16 2 0
BACKEND/controllers/withdrawal_controller.go:422.16,426.3 3 0
BACKEND/controllers/withdrawal_controller.go:428.2,432.45 3 0
BACKEND/controllers/withdrawal_controller.go:432.45,434.3 1 0
BACKEND/controllers/withdrawal_controller.go:434.8,436.3 1 0
BACKEND/controllers/withdrawal_controller.go:437.2,444.64 2 0
BACKEND/controllers/withdrawal_controller.go:449.46,456.49 4 0
BACKEND/controllers/withdrawal_controller.go:456.49,459.3 2 0
BACKEND/controllers/withdrawal_controller.go:461.2,468.16 3 0
BACKEND/controllers/withdrawal_controller.go:468.16,471.3 2 0
BACKEND/controllers/withdrawal_controller.go:473.2,473.33 1 0
BACKEND/controllers/withdrawal_controller.go:473.33,476.3 2 0
BACKEND/controllers/withdrawal_controller.go:478.2,486.45 3 0
BACKEND/controllers/withdrawal_controller.go:486.45,488.3 1 0
BACKEND/controllers/withdrawal_controller.go:488.8,490.3 1 0
BACKEND/controllers/withdrawal_controller.go:491.2,498.62 2 0
